2018-01-06 10:14:35 INFO  Utils:30 - generateUUID
2018-01-07 02:12:23 INFO  Utils:29 - -------------------------------------------------------------------------------------------
2018-01-07 02:12:24 INFO  Utils:30 - Starting the Shopping Cart Application
2018-01-07 02:12:24 INFO  Utils:31 - -------------------------------------------------------------------------------------------
2018-01-07 02:12:24 INFO  Utils:37 - Creating UserService
2018-01-07 02:12:24 INFO  Utils:44 - [{"userId":2218593789584952120,"userEmailId":"john@gmail.com","userName":"JOHN SMITH","shippingAddresses":[{"street":"100 MAIN ST PO BOX 1022","city":"SEATTLE","state":"WA","country":"USA","zipcode":"98104"}],"userState":"ACTIVE","createdOn":{"dayOfMonth":7,"dayOfWeek":"SUNDAY","dayOfYear":7,"month":"JANUARY","monthValue":1,"year":2018,"hour":2,"minute":12,"nano":343000000,"second":24,"chronology":{"id":"ISO","calendarType":"iso8601"}}}, {"userId":1324410671389428118,"userEmailId":"mary@gmail.com","userName":"MARY ROE","shippingAddresses":[{"street":"MEGASYSTEMS INC SUITE 5A-1204","city":"TUCSON","state":"AZ","country":"USA","zipcode":"85705"}],"userState":"ACTIVE","createdOn":{"dayOfMonth":7,"dayOfWeek":"SUNDAY","dayOfYear":7,"month":"JANUARY","monthValue":1,"year":2018,"hour":2,"minute":12,"nano":343000000,"second":24,"chronology":{"id":"ISO","calendarType":"iso8601"}}}]
2018-01-07 02:12:24 INFO  Utils:46 - Get the user by email Id john@gmail.com
2018-01-07 02:12:24 INFO  Utils:52 - {"userId":2218593789584952120,"userEmailId":"john@gmail.com","userName":"JOHN SMITH","shippingAddresses":[{"street":"100 MAIN ST PO BOX 1022","city":"SEATTLE","state":"WA","country":"USA","zipcode":"98104"}],"userState":"ACTIVE","createdOn":{"dayOfMonth":7,"dayOfWeek":"SUNDAY","dayOfYear":7,"month":"JANUARY","monthValue":1,"year":2018,"hour":2,"minute":12,"nano":343000000,"second":24,"chronology":{"id":"ISO","calendarType":"iso8601"}}}
2018-01-07 02:12:24 INFO  Utils:55 - User ID 2218593789584952120
2018-01-07 02:12:24 INFO  Utils:57 - Creating ProductInfoService
2018-01-07 02:12:24 INFO  Utils:64 - [{"code":"a06370ae-5b9b-4c83-a1e8-198db7795759","name":"Dove Soap","price":39.99,"description":"Dove Soap is a beauty soap.","manufacturer":"Dove Ltd.","creadtedOn":{"dayOfMonth":7,"dayOfWeek":"SUNDAY","dayOfYear":7,"month":"JANUARY","monthValue":1,"year":2018,"hour":2,"minute":12,"nano":745000000,"second":24,"chronology":{"id":"ISO","calendarType":"iso8601"}}}, {"code":"086c8f6c-0e2c-4342-86b0-f04c6b0b534e","name":"Axe Deo","price":99.99,"description":"Axe Deo is a body Deodrant.","manufacturer":"Axe Ltd.","creadtedOn":{"dayOfMonth":7,"dayOfWeek":"SUNDAY","dayOfYear":7,"month":"JANUARY","monthValue":1,"year":2018,"hour":2,"minute":12,"nano":745000000,"second":24,"chronology":{"id":"ISO","calendarType":"iso8601"}}}, {"code":"6748b4f5-628c-4076-ad20-205448fc008e","name":"Killer Deo","price":150.56,"description":"Killer Deo is a body Deodrant.","manufacturer":"Killer Ltd.","creadtedOn":{"dayOfMonth":7,"dayOfWeek":"SUNDAY","dayOfYear":7,"month":"JANUARY","monthValue":1,"year":2018,"hour":2,"minute":12,"nano":745000000,"second":24,"chronology":{"id":"ISO","calendarType":"iso8601"}}}]
2018-01-07 02:12:24 INFO  Utils:66 - Get the product info by name as Dove Soap
2018-01-07 02:12:24 INFO  Utils:73 - {"code":"a06370ae-5b9b-4c83-a1e8-198db7795759","name":"Dove Soap","price":39.99,"description":"Dove Soap is a beauty soap.","manufacturer":"Dove Ltd.","creadtedOn":{"dayOfMonth":7,"dayOfWeek":"SUNDAY","dayOfYear":7,"month":"JANUARY","monthValue":1,"year":2018,"hour":2,"minute":12,"nano":745000000,"second":24,"chronology":{"id":"ISO","calendarType":"iso8601"}}}
2018-01-07 02:12:24 INFO  Utils:75 - Creating doveSoapProduct
2018-01-07 02:12:24 INFO  Utils:78 - Creating OrderService
2018-01-07 02:12:24 INFO  Utils:81 - Creating an order for user
2018-01-07 02:12:24 INFO  Utils:85 - Get order id as 8be4169a-a124-4b44-9023-fa4fbabd926c
2018-01-07 02:12:24 INFO  Utils:87 - Adding 5 dove soap products in the order
2018-01-07 02:12:24 INFO  Utils:94 - [{"product":{"code":"a06370ae-5b9b-4c83-a1e8-198db7795759","name":"Dove Soap","price":39.99,"description":"Dove Soap is a beauty soap.","manufacturer":"Dove Ltd.","creadtedOn":{"dayOfMonth":7,"dayOfWeek":"SUNDAY","dayOfYear":7,"month":"JANUARY","monthValue":1,"year":2018,"hour":2,"minute":12,"nano":745000000,"second":24,"chronology":{"id":"ISO","calendarType":"iso8601"}}},"quantity":5}]
2018-01-07 02:12:24 INFO  Utils:96 - Creating ShoppingCartService
2018-01-07 02:12:24 INFO  Utils:99 - Creating a shopping cart for user
2018-01-07 02:12:24 INFO  Utils:103 - Get shopping cart id as f88a720c-b812-404a-944f-5bdfc0d6f580
2018-01-07 02:12:24 INFO  Utils:105 - Adding order to the shopping cart
2018-01-07 02:12:24 INFO  Utils:108 - Shopping cart total amount : 39.99
2018-01-07 02:14:01 INFO  Utils:29 - -------------------------------------------------------------------------------------------
2018-01-07 02:14:01 INFO  Utils:30 - Starting the Shopping Cart Application
2018-01-07 02:14:01 INFO  Utils:31 - -------------------------------------------------------------------------------------------
2018-01-07 02:14:01 INFO  Utils:37 - Creating UserService
2018-01-07 02:14:01 INFO  Utils:44 - [{"userId":8261315234655194053,"userEmailId":"john@gmail.com","userName":"JOHN SMITH","shippingAddresses":[{"street":"100 MAIN ST PO BOX 1022","city":"SEATTLE","state":"WA","country":"USA","zipcode":"98104"}],"userState":"ACTIVE","createdOn":{"hour":2,"minute":14,"nano":922000000,"second":1,"dayOfMonth":7,"dayOfWeek":"SUNDAY","dayOfYear":7,"month":"JANUARY","monthValue":1,"year":2018,"chronology":{"id":"ISO","calendarType":"iso8601"}}}, {"userId":4115856041806350521,"userEmailId":"mary@gmail.com","userName":"MARY ROE","shippingAddresses":[{"street":"MEGASYSTEMS INC SUITE 5A-1204","city":"TUCSON","state":"AZ","country":"USA","zipcode":"85705"}],"userState":"ACTIVE","createdOn":{"hour":2,"minute":14,"nano":923000000,"second":1,"dayOfMonth":7,"dayOfWeek":"SUNDAY","dayOfYear":7,"month":"JANUARY","monthValue":1,"year":2018,"chronology":{"id":"ISO","calendarType":"iso8601"}}}]
2018-01-07 02:14:02 INFO  Utils:46 - Get the user by email Id john@gmail.com
2018-01-07 02:14:02 INFO  Utils:52 - {"userId":8261315234655194053,"userEmailId":"john@gmail.com","userName":"JOHN SMITH","shippingAddresses":[{"street":"100 MAIN ST PO BOX 1022","city":"SEATTLE","state":"WA","country":"USA","zipcode":"98104"}],"userState":"ACTIVE","createdOn":{"hour":2,"minute":14,"nano":922000000,"second":1,"dayOfMonth":7,"dayOfWeek":"SUNDAY","dayOfYear":7,"month":"JANUARY","monthValue":1,"year":2018,"chronology":{"id":"ISO","calendarType":"iso8601"}}}
2018-01-07 02:14:02 INFO  Utils:55 - User ID 8261315234655194053
2018-01-07 02:14:02 INFO  Utils:57 - Creating ProductInfoService
2018-01-07 02:14:02 INFO  Utils:64 - [{"code":"853b35ac-0eb9-4763-8b56-1578613064bf","name":"Dove Soap","price":39.99,"description":"Dove Soap is a beauty soap.","manufacturer":"Dove Ltd.","creadtedOn":{"hour":2,"minute":14,"nano":257000000,"second":2,"dayOfMonth":7,"dayOfWeek":"SUNDAY","dayOfYear":7,"month":"JANUARY","monthValue":1,"year":2018,"chronology":{"id":"ISO","calendarType":"iso8601"}}}, {"code":"a523e854-4b7c-420e-8eb4-d0202ebea1c3","name":"Axe Deo","price":99.99,"description":"Axe Deo is a body Deodrant.","manufacturer":"Axe Ltd.","creadtedOn":{"hour":2,"minute":14,"nano":258000000,"second":2,"dayOfMonth":7,"dayOfWeek":"SUNDAY","dayOfYear":7,"month":"JANUARY","monthValue":1,"year":2018,"chronology":{"id":"ISO","calendarType":"iso8601"}}}, {"code":"af33997e-3b15-4921-b613-b44a85e15be4","name":"Killer Deo","price":150.56,"description":"Killer Deo is a body Deodrant.","manufacturer":"Killer Ltd.","creadtedOn":{"hour":2,"minute":14,"nano":258000000,"second":2,"dayOfMonth":7,"dayOfWeek":"SUNDAY","dayOfYear":7,"month":"JANUARY","monthValue":1,"year":2018,"chronology":{"id":"ISO","calendarType":"iso8601"}}}]
2018-01-07 02:14:02 INFO  Utils:66 - Get the product info by name as Dove Soap
2018-01-07 02:14:02 INFO  Utils:73 - {"code":"853b35ac-0eb9-4763-8b56-1578613064bf","name":"Dove Soap","price":39.99,"description":"Dove Soap is a beauty soap.","manufacturer":"Dove Ltd.","creadtedOn":{"hour":2,"minute":14,"nano":257000000,"second":2,"dayOfMonth":7,"dayOfWeek":"SUNDAY","dayOfYear":7,"month":"JANUARY","monthValue":1,"year":2018,"chronology":{"id":"ISO","calendarType":"iso8601"}}}
2018-01-07 02:14:02 INFO  Utils:75 - Creating doveSoapProduct
2018-01-07 02:14:02 INFO  Utils:78 - Creating OrderService
2018-01-07 02:14:02 INFO  Utils:81 - Creating an order for user
2018-01-07 02:14:02 INFO  Utils:85 - Get order id as e54dbb3c-3e02-4d0f-b531-a4a305f65058
2018-01-07 02:14:02 INFO  Utils:87 - Adding 5 dove soap products in the order
2018-01-07 02:14:02 INFO  Utils:94 - [{"product":{"code":"853b35ac-0eb9-4763-8b56-1578613064bf","name":"Dove Soap","price":39.99,"description":"Dove Soap is a beauty soap.","manufacturer":"Dove Ltd.","creadtedOn":{"hour":2,"minute":14,"nano":257000000,"second":2,"dayOfMonth":7,"dayOfWeek":"SUNDAY","dayOfYear":7,"month":"JANUARY","monthValue":1,"year":2018,"chronology":{"id":"ISO","calendarType":"iso8601"}}},"quantity":5}]
2018-01-07 02:14:02 INFO  Utils:96 - Creating ShoppingCartService
2018-01-07 02:14:02 INFO  Utils:99 - Creating a shopping cart for user
2018-01-07 02:14:02 INFO  Utils:103 - Get shopping cart id as c6a10b97-d305-495e-a4a8-5d369fecf34b
2018-01-07 02:14:02 INFO  Utils:105 - Adding order to the shopping cart
2018-01-07 02:14:02 INFO  Utils:108 - Shopping cart total amount : 199.95
2018-01-07 02:15:56 INFO  Utils:29 - -------------------------------------------------------------------------------------------
2018-01-07 02:15:56 INFO  Utils:30 - Starting the Shopping Cart Application
2018-01-07 02:15:56 INFO  Utils:31 - -------------------------------------------------------------------------------------------
2018-01-07 02:15:56 INFO  Utils:37 - Creating UserService
2018-01-07 02:15:56 INFO  Utils:44 - [{"userId":5430452804563124626,"userEmailId":"john@gmail.com","userName":"JOHN SMITH","shippingAddresses":[{"street":"100 MAIN ST PO BOX 1022","city":"SEATTLE","state":"WA","country":"USA","zipcode":"98104"}],"userState":"ACTIVE","createdOn":{"hour":2,"minute":15,"nano":402000000,"second":56,"dayOfMonth":7,"dayOfWeek":"SUNDAY","dayOfYear":7,"month":"JANUARY","monthValue":1,"year":2018,"chronology":{"id":"ISO","calendarType":"iso8601"}}}, {"userId":1670151446935127932,"userEmailId":"mary@gmail.com","userName":"MARY ROE","shippingAddresses":[{"street":"MEGASYSTEMS INC SUITE 5A-1204","city":"TUCSON","state":"AZ","country":"USA","zipcode":"85705"}],"userState":"ACTIVE","createdOn":{"hour":2,"minute":15,"nano":403000000,"second":56,"dayOfMonth":7,"dayOfWeek":"SUNDAY","dayOfYear":7,"month":"JANUARY","monthValue":1,"year":2018,"chronology":{"id":"ISO","calendarType":"iso8601"}}}]
2018-01-07 02:15:56 INFO  Utils:46 - Get the user by email Id john@gmail.com
2018-01-07 02:15:56 INFO  Utils:52 - {"userId":5430452804563124626,"userEmailId":"john@gmail.com","userName":"JOHN SMITH","shippingAddresses":[{"street":"100 MAIN ST PO BOX 1022","city":"SEATTLE","state":"WA","country":"USA","zipcode":"98104"}],"userState":"ACTIVE","createdOn":{"hour":2,"minute":15,"nano":402000000,"second":56,"dayOfMonth":7,"dayOfWeek":"SUNDAY","dayOfYear":7,"month":"JANUARY","monthValue":1,"year":2018,"chronology":{"id":"ISO","calendarType":"iso8601"}}}
2018-01-07 02:15:56 INFO  Utils:55 - User ID 5430452804563124626
2018-01-07 02:15:56 INFO  Utils:57 - Creating ProductInfoService
2018-01-07 02:15:56 INFO  Utils:64 - [{"code":"eea79fd9-c3d5-4701-ac12-589d98025d0d","name":"Dove Soap","price":39.99,"description":"Dove Soap is a beauty soap.","manufacturer":"Dove Ltd.","creadtedOn":{"hour":2,"minute":15,"nano":822000000,"second":56,"dayOfMonth":7,"dayOfWeek":"SUNDAY","dayOfYear":7,"month":"JANUARY","monthValue":1,"year":2018,"chronology":{"id":"ISO","calendarType":"iso8601"}}}, {"code":"92524691-110a-4f4d-961f-8567c0da4734","name":"Axe Deo","price":99.99,"description":"Axe Deo is a body Deodrant.","manufacturer":"Axe Ltd.","creadtedOn":{"hour":2,"minute":15,"nano":822000000,"second":56,"dayOfMonth":7,"dayOfWeek":"SUNDAY","dayOfYear":7,"month":"JANUARY","monthValue":1,"year":2018,"chronology":{"id":"ISO","calendarType":"iso8601"}}}, {"code":"c3569e40-bde3-407b-9100-9a89b32a0904","name":"Killer Deo","price":150.56,"description":"Killer Deo is a body Deodrant.","manufacturer":"Killer Ltd.","creadtedOn":{"hour":2,"minute":15,"nano":822000000,"second":56,"dayOfMonth":7,"dayOfWeek":"SUNDAY","dayOfYear":7,"month":"JANUARY","monthValue":1,"year":2018,"chronology":{"id":"ISO","calendarType":"iso8601"}}}]
2018-01-07 02:15:56 INFO  Utils:66 - Get the product info by name as Dove Soap
2018-01-07 02:15:56 INFO  Utils:73 - {"code":"eea79fd9-c3d5-4701-ac12-589d98025d0d","name":"Dove Soap","price":39.99,"description":"Dove Soap is a beauty soap.","manufacturer":"Dove Ltd.","creadtedOn":{"hour":2,"minute":15,"nano":822000000,"second":56,"dayOfMonth":7,"dayOfWeek":"SUNDAY","dayOfYear":7,"month":"JANUARY","monthValue":1,"year":2018,"chronology":{"id":"ISO","calendarType":"iso8601"}}}
2018-01-07 02:15:56 INFO  Utils:75 - Creating doveSoapProduct
2018-01-07 02:15:56 INFO  Utils:78 - Creating OrderService
2018-01-07 02:15:56 INFO  Utils:81 - Creating an order for user
2018-01-07 02:15:56 INFO  Utils:85 - Get order id as b42651c0-f5fb-45e4-a098-df98d8f24af7
2018-01-07 02:15:56 INFO  Utils:87 - Adding 5 dove soap products in the order
2018-01-07 02:15:56 INFO  Utils:94 - [{"product":{"code":"eea79fd9-c3d5-4701-ac12-589d98025d0d","name":"Dove Soap","price":39.99,"description":"Dove Soap is a beauty soap.","manufacturer":"Dove Ltd.","creadtedOn":{"hour":2,"minute":15,"nano":822000000,"second":56,"dayOfMonth":7,"dayOfWeek":"SUNDAY","dayOfYear":7,"month":"JANUARY","monthValue":1,"year":2018,"chronology":{"id":"ISO","calendarType":"iso8601"}}},"quantity":5}]
2018-01-07 02:15:56 INFO  Utils:96 - Creating ShoppingCartService
2018-01-07 02:15:56 INFO  Utils:99 - Creating a shopping cart for user
2018-01-07 02:15:56 INFO  Utils:103 - Get shopping cart id as 91fdb49d-3ecf-4b8b-8482-52a496b24e9e
2018-01-07 02:15:56 INFO  Utils:105 - Adding order to the shopping cart
2018-01-07 02:15:56 INFO  Utils:108 - Shopping cart total amount : 199.95
2018-01-07 02:15:56 INFO  Utils:114 - Shopping cart total amount : 319.92
2018-01-07 02:20:39 INFO  Utils:26 - -------------------------------------------------------------------------------------------
2018-01-07 02:20:39 INFO  Utils:27 - Starting the Shopping Cart Application
2018-01-07 02:20:39 INFO  Utils:28 - -------------------------------------------------------------------------------------------
2018-01-07 02:20:39 INFO  Utils:34 - Creating UserService
2018-01-07 02:20:39 INFO  Utils:41 - [{"userId":7427823816987853278,"userEmailId":"john@gmail.com","userName":"JOHN SMITH","shippingAddresses":[{"street":"100 MAIN ST PO BOX 1022","city":"SEATTLE","state":"WA","country":"USA","zipcode":"98104"}],"userState":"ACTIVE","createdOn":{"dayOfMonth":7,"dayOfWeek":"SUNDAY","dayOfYear":7,"month":"JANUARY","monthValue":1,"year":2018,"hour":2,"minute":20,"nano":380000000,"second":39,"chronology":{"id":"ISO","calendarType":"iso8601"}}}, {"userId":7170110144722651177,"userEmailId":"mary@gmail.com","userName":"MARY ROE","shippingAddresses":[{"street":"MEGASYSTEMS INC SUITE 5A-1204","city":"TUCSON","state":"AZ","country":"USA","zipcode":"85705"}],"userState":"ACTIVE","createdOn":{"dayOfMonth":7,"dayOfWeek":"SUNDAY","dayOfYear":7,"month":"JANUARY","monthValue":1,"year":2018,"hour":2,"minute":20,"nano":381000000,"second":39,"chronology":{"id":"ISO","calendarType":"iso8601"}}}]
2018-01-07 02:20:39 INFO  Utils:43 - Get the user by email Id john@gmail.com
2018-01-07 02:20:39 INFO  Utils:49 - {"userId":7427823816987853278,"userEmailId":"john@gmail.com","userName":"JOHN SMITH","shippingAddresses":[{"street":"100 MAIN ST PO BOX 1022","city":"SEATTLE","state":"WA","country":"USA","zipcode":"98104"}],"userState":"ACTIVE","createdOn":{"dayOfMonth":7,"dayOfWeek":"SUNDAY","dayOfYear":7,"month":"JANUARY","monthValue":1,"year":2018,"hour":2,"minute":20,"nano":380000000,"second":39,"chronology":{"id":"ISO","calendarType":"iso8601"}}}
2018-01-07 02:20:39 INFO  Utils:52 - User ID 7427823816987853278
2018-01-07 02:20:39 INFO  Utils:54 - Creating ProductInfoService
2018-01-07 02:20:39 INFO  Utils:61 - [{"code":"c52ff6a3-cea7-4397-9027-240f13b14cb1","name":"Dove Soap","price":39.99,"description":"Dove Soap is a beauty soap.","manufacturer":"Dove Ltd.","creadtedOn":{"dayOfMonth":7,"dayOfWeek":"SUNDAY","dayOfYear":7,"month":"JANUARY","monthValue":1,"year":2018,"hour":2,"minute":20,"nano":810000000,"second":39,"chronology":{"id":"ISO","calendarType":"iso8601"}}}, {"code":"ee77b08c-346c-4100-87d0-95c01f1373bc","name":"Axe Deo","price":99.99,"description":"Axe Deo is a body Deodrant.","manufacturer":"Axe Ltd.","creadtedOn":{"dayOfMonth":7,"dayOfWeek":"SUNDAY","dayOfYear":7,"month":"JANUARY","monthValue":1,"year":2018,"hour":2,"minute":20,"nano":810000000,"second":39,"chronology":{"id":"ISO","calendarType":"iso8601"}}}, {"code":"bf6ff908-19c8-41df-8306-3e2fb4696e04","name":"Killer Deo","price":150.56,"description":"Killer Deo is a body Deodrant.","manufacturer":"Killer Ltd.","creadtedOn":{"dayOfMonth":7,"dayOfWeek":"SUNDAY","dayOfYear":7,"month":"JANUARY","monthValue":1,"year":2018,"hour":2,"minute":20,"nano":810000000,"second":39,"chronology":{"id":"ISO","calendarType":"iso8601"}}}]
2018-01-07 02:20:39 INFO  Utils:63 - Get the product info by name as Dove Soap
2018-01-07 02:20:39 INFO  Utils:70 - {"code":"c52ff6a3-cea7-4397-9027-240f13b14cb1","name":"Dove Soap","price":39.99,"description":"Dove Soap is a beauty soap.","manufacturer":"Dove Ltd.","creadtedOn":{"dayOfMonth":7,"dayOfWeek":"SUNDAY","dayOfYear":7,"month":"JANUARY","monthValue":1,"year":2018,"hour":2,"minute":20,"nano":810000000,"second":39,"chronology":{"id":"ISO","calendarType":"iso8601"}}}
2018-01-07 02:20:39 INFO  Utils:72 - Get the product info by name as Axe Deo
2018-01-07 02:20:39 INFO  Utils:79 - Axe Deo : {"code":"ee77b08c-346c-4100-87d0-95c01f1373bc","name":"Axe Deo","price":99.99,"description":"Axe Deo is a body Deodrant.","manufacturer":"Axe Ltd.","creadtedOn":{"dayOfMonth":7,"dayOfWeek":"SUNDAY","dayOfYear":7,"month":"JANUARY","monthValue":1,"year":2018,"hour":2,"minute":20,"nano":810000000,"second":39,"chronology":{"id":"ISO","calendarType":"iso8601"}}}
2018-01-07 02:20:39 INFO  Utils:81 - Creating doveSoapProduct
2018-01-07 02:20:39 INFO  Utils:84 - Creating axeDeoProduct
2018-01-07 02:20:39 INFO  Utils:87 - Creating OrderService
2018-01-07 02:20:39 INFO  Utils:90 - Creating an order for user
2018-01-07 02:20:39 INFO  Utils:94 - Get order id as 4ec723ca-5c7a-4404-99d2-551064b0d5b6
2018-01-07 02:20:39 INFO  Utils:96 - Adding 5 dove soap products in the order
2018-01-07 02:20:39 INFO  Utils:103 - [{"product":{"code":"c52ff6a3-cea7-4397-9027-240f13b14cb1","name":"Dove Soap","price":39.99,"description":"Dove Soap is a beauty soap.","manufacturer":"Dove Ltd.","creadtedOn":{"dayOfMonth":7,"dayOfWeek":"SUNDAY","dayOfYear":7,"month":"JANUARY","monthValue":1,"year":2018,"hour":2,"minute":20,"nano":810000000,"second":39,"chronology":{"id":"ISO","calendarType":"iso8601"}}},"quantity":2}, {"product":{"code":"ee77b08c-346c-4100-87d0-95c01f1373bc","name":"Axe Deo","price":99.99,"description":"Axe Deo is a body Deodrant.","manufacturer":"Axe Ltd.","creadtedOn":{"dayOfMonth":7,"dayOfWeek":"SUNDAY","dayOfYear":7,"month":"JANUARY","monthValue":1,"year":2018,"hour":2,"minute":20,"nano":810000000,"second":39,"chronology":{"id":"ISO","calendarType":"iso8601"}}},"quantity":2}]
2018-01-07 02:20:39 INFO  Utils:105 - Creating ShoppingCartService
2018-01-07 02:20:39 INFO  Utils:108 - Creating a shopping cart for user
2018-01-07 02:20:39 INFO  Utils:112 - Get shopping cart id as 3787d7f1-7fbb-4153-9ee6-f2dbe14be142
2018-01-07 02:20:39 INFO  Utils:114 - Adding order to the shopping cart
2018-01-07 02:20:39 INFO  Utils:117 - Shopping cart total amount : 314.95
2018-01-07 12:13:27 INFO  Utils:26 - -------------------------------------------------------------------------------------------
2018-01-07 12:13:27 INFO  Utils:27 - Starting the Shopping Cart Application
2018-01-07 12:13:27 INFO  Utils:28 - -------------------------------------------------------------------------------------------
2018-01-07 12:13:27 INFO  Utils:34 - Creating UserService
2018-01-07 12:13:28 INFO  Utils:41 - All users in system : [{"userId":4112188274555438260,"userEmailId":"john@gmail.com","userName":"JOHN SMITH","shippingAddresses":[{"street":"100 MAIN ST PO BOX 1022","city":"SEATTLE","state":"WA","country":"USA","zipcode":"98104"}],"userState":"ACTIVE","createdOn":{"dayOfMonth":7,"dayOfWeek":"SUNDAY","dayOfYear":7,"month":"JANUARY","monthValue":1,"year":2018,"hour":12,"minute":13,"nano":858000000,"second":27,"chronology":{"id":"ISO","calendarType":"iso8601"}}}, {"userId":5101855473153229911,"userEmailId":"mary@gmail.com","userName":"MARY ROE","shippingAddresses":[{"street":"MEGASYSTEMS INC SUITE 5A-1204","city":"TUCSON","state":"AZ","country":"USA","zipcode":"85705"}],"userState":"ACTIVE","createdOn":{"dayOfMonth":7,"dayOfWeek":"SUNDAY","dayOfYear":7,"month":"JANUARY","monthValue":1,"year":2018,"hour":12,"minute":13,"nano":858000000,"second":27,"chronology":{"id":"ISO","calendarType":"iso8601"}}}]
2018-01-07 12:13:28 INFO  Utils:43 - Get the user by email Id john@gmail.com
2018-01-07 12:13:28 INFO  Utils:49 - User {"userId":4112188274555438260,"userEmailId":"john@gmail.com","userName":"JOHN SMITH","shippingAddresses":[{"street":"100 MAIN ST PO BOX 1022","city":"SEATTLE","state":"WA","country":"USA","zipcode":"98104"}],"userState":"ACTIVE","createdOn":{"dayOfMonth":7,"dayOfWeek":"SUNDAY","dayOfYear":7,"month":"JANUARY","monthValue":1,"year":2018,"hour":12,"minute":13,"nano":858000000,"second":27,"chronology":{"id":"ISO","calendarType":"iso8601"}}}
2018-01-07 12:13:28 INFO  Utils:52 - User ID 4112188274555438260
2018-01-07 12:13:28 INFO  Utils:54 - Creating ProductInfoService
2018-01-07 12:13:28 INFO  Utils:61 - All products in system : [{"code":"c88a1b4f-a0fd-458f-a235-b331a4d086a2","name":"Dove Soap","price":39.99,"description":"Dove Soap is a beauty soap.","manufacturer":"Dove Ltd.","category":"COSMATIC","creadtedOn":{"dayOfMonth":7,"dayOfWeek":"SUNDAY","dayOfYear":7,"month":"JANUARY","monthValue":1,"year":2018,"hour":12,"minute":13,"nano":205000000,"second":28,"chronology":{"id":"ISO","calendarType":"iso8601"}}}, {"code":"7df5417f-c51a-42c7-9025-f1258682c858","name":"Axe Deo","price":99.99,"description":"Axe Deo is a body Deodrant.","manufacturer":"Axe Ltd.","category":"COSMATIC","creadtedOn":{"dayOfMonth":7,"dayOfWeek":"SUNDAY","dayOfYear":7,"month":"JANUARY","monthValue":1,"year":2018,"hour":12,"minute":13,"nano":205000000,"second":28,"chronology":{"id":"ISO","calendarType":"iso8601"}}}, {"code":"2ed1262f-9c65-44b0-aaaf-ba1e0b54cdda","name":"Killer Deo","price":150.56,"description":"Killer Deo is a body Deodrant.","manufacturer":"Killer Ltd.","category":"COSMATIC","creadtedOn":{"dayOfMonth":7,"dayOfWeek":"SUNDAY","dayOfYear":7,"month":"JANUARY","monthValue":1,"year":2018,"hour":12,"minute":13,"nano":205000000,"second":28,"chronology":{"id":"ISO","calendarType":"iso8601"}}}]
2018-01-07 12:13:28 INFO  Utils:63 - Get the product info by name as Dove Soap
2018-01-07 12:13:28 INFO  Utils:70 - Product : {"code":"c88a1b4f-a0fd-458f-a235-b331a4d086a2","name":"Dove Soap","price":39.99,"description":"Dove Soap is a beauty soap.","manufacturer":"Dove Ltd.","category":"COSMATIC","creadtedOn":{"dayOfMonth":7,"dayOfWeek":"SUNDAY","dayOfYear":7,"month":"JANUARY","monthValue":1,"year":2018,"hour":12,"minute":13,"nano":205000000,"second":28,"chronology":{"id":"ISO","calendarType":"iso8601"}}}
2018-01-07 12:13:28 INFO  Utils:72 - Get the product info by name as Axe Deo
2018-01-07 12:13:28 INFO  Utils:79 - Product : {"code":"7df5417f-c51a-42c7-9025-f1258682c858","name":"Axe Deo","price":99.99,"description":"Axe Deo is a body Deodrant.","manufacturer":"Axe Ltd.","category":"COSMATIC","creadtedOn":{"dayOfMonth":7,"dayOfWeek":"SUNDAY","dayOfYear":7,"month":"JANUARY","monthValue":1,"year":2018,"hour":12,"minute":13,"nano":205000000,"second":28,"chronology":{"id":"ISO","calendarType":"iso8601"}}}
2018-01-07 12:13:28 INFO  Utils:81 - Creating doveSoapProduct
2018-01-07 12:13:28 INFO  Utils:84 - Creating axeDeoProduct
2018-01-07 12:13:28 INFO  Utils:87 - Creating OrderService
2018-01-07 12:13:28 INFO  Utils:90 - Creating an order for user
2018-01-07 12:13:28 INFO  Utils:94 - Get order id as 40ee9d01-4b24-4d52-9868-17614d6126b6
2018-01-07 12:13:28 INFO  Utils:96 - Adding 2 dove soap products in the order
2018-01-07 12:13:28 INFO  Utils:100 - Adding 2 axe deo products in the order
2018-01-07 12:13:28 INFO  Utils:104 - [{"product":{"code":"c88a1b4f-a0fd-458f-a235-b331a4d086a2","name":"Dove Soap","price":39.99,"description":"Dove Soap is a beauty soap.","manufacturer":"Dove Ltd.","category":"COSMATIC","creadtedOn":{"dayOfMonth":7,"dayOfWeek":"SUNDAY","dayOfYear":7,"month":"JANUARY","monthValue":1,"year":2018,"hour":12,"minute":13,"nano":205000000,"second":28,"chronology":{"id":"ISO","calendarType":"iso8601"}}},"quantity":2,"tax":0.0}, {"product":{"code":"7df5417f-c51a-42c7-9025-f1258682c858","name":"Axe Deo","price":99.99,"description":"Axe Deo is a body Deodrant.","manufacturer":"Axe Ltd.","category":"COSMATIC","creadtedOn":{"dayOfMonth":7,"dayOfWeek":"SUNDAY","dayOfYear":7,"month":"JANUARY","monthValue":1,"year":2018,"hour":12,"minute":13,"nano":205000000,"second":28,"chronology":{"id":"ISO","calendarType":"iso8601"}}},"quantity":2,"tax":0.0}]
2018-01-07 12:13:28 INFO  Utils:106 - Creating ShoppingCartService
2018-01-07 12:13:28 INFO  Utils:109 - Creating a shopping cart for user
2018-01-07 12:13:28 INFO  Utils:113 - Get shopping cart id as c3e0dc17-fca7-462a-b25d-0cb5f0bb264a
2018-01-07 12:13:28 INFO  Utils:115 - Adding order to the shopping cart
2018-01-07 12:13:28 INFO  Utils:118 - Shopping cart Summary : {"totalTax":0.0,"totalCartAmount":279.96}
2018-01-07 12:16:48 INFO  Utils:26 - -------------------------------------------------------------------------------------------
2018-01-07 12:16:48 INFO  Utils:27 - Starting the Shopping Cart Application
2018-01-07 12:16:48 INFO  Utils:28 - -------------------------------------------------------------------------------------------
2018-01-07 12:16:48 INFO  Utils:34 - Creating UserService
2018-01-07 12:16:48 INFO  Utils:41 - All users in system : [{"userId":6506966687470144411,"userEmailId":"john@gmail.com","userName":"JOHN SMITH","shippingAddresses":[{"street":"100 MAIN ST PO BOX 1022","city":"SEATTLE","state":"WA","country":"USA","zipcode":"98104"}],"userState":"ACTIVE","createdOn":{"dayOfMonth":7,"dayOfWeek":"SUNDAY","dayOfYear":7,"month":"JANUARY","monthValue":1,"year":2018,"hour":12,"minute":16,"nano":645000000,"second":48,"chronology":{"id":"ISO","calendarType":"iso8601"}}}, {"userId":5434061172501596147,"userEmailId":"mary@gmail.com","userName":"MARY ROE","shippingAddresses":[{"street":"MEGASYSTEMS INC SUITE 5A-1204","city":"TUCSON","state":"AZ","country":"USA","zipcode":"85705"}],"userState":"ACTIVE","createdOn":{"dayOfMonth":7,"dayOfWeek":"SUNDAY","dayOfYear":7,"month":"JANUARY","monthValue":1,"year":2018,"hour":12,"minute":16,"nano":645000000,"second":48,"chronology":{"id":"ISO","calendarType":"iso8601"}}}]
2018-01-07 12:16:48 INFO  Utils:43 - Get the user by email Id john@gmail.com
2018-01-07 12:16:49 INFO  Utils:49 - User {"userId":6506966687470144411,"userEmailId":"john@gmail.com","userName":"JOHN SMITH","shippingAddresses":[{"street":"100 MAIN ST PO BOX 1022","city":"SEATTLE","state":"WA","country":"USA","zipcode":"98104"}],"userState":"ACTIVE","createdOn":{"dayOfMonth":7,"dayOfWeek":"SUNDAY","dayOfYear":7,"month":"JANUARY","monthValue":1,"year":2018,"hour":12,"minute":16,"nano":645000000,"second":48,"chronology":{"id":"ISO","calendarType":"iso8601"}}}
2018-01-07 12:16:49 INFO  Utils:52 - User ID 6506966687470144411
2018-01-07 12:16:49 INFO  Utils:54 - Creating ProductInfoService
2018-01-07 12:16:49 INFO  Utils:61 - All products in system : [{"code":"2fc82732-fd6c-4b34-bd61-13447c07142c","name":"Dove Soap","price":39.99,"description":"Dove Soap is a beauty soap.","manufacturer":"Dove Ltd.","category":"COSMATIC","creadtedOn":{"dayOfMonth":7,"dayOfWeek":"SUNDAY","dayOfYear":7,"month":"JANUARY","monthValue":1,"year":2018,"hour":12,"minute":16,"nano":23000000,"second":49,"chronology":{"id":"ISO","calendarType":"iso8601"}}}, {"code":"b5ccdb97-9cfa-4227-a39e-8752da90edca","name":"Axe Deo","price":99.99,"description":"Axe Deo is a body Deodrant.","manufacturer":"Axe Ltd.","category":"COSMATIC","creadtedOn":{"dayOfMonth":7,"dayOfWeek":"SUNDAY","dayOfYear":7,"month":"JANUARY","monthValue":1,"year":2018,"hour":12,"minute":16,"nano":23000000,"second":49,"chronology":{"id":"ISO","calendarType":"iso8601"}}}, {"code":"0091f262-4771-4dfb-8ff4-74ad8fade54b","name":"Killer Deo","price":150.56,"description":"Killer Deo is a body Deodrant.","manufacturer":"Killer Ltd.","category":"COSMATIC","creadtedOn":{"dayOfMonth":7,"dayOfWeek":"SUNDAY","dayOfYear":7,"month":"JANUARY","monthValue":1,"year":2018,"hour":12,"minute":16,"nano":23000000,"second":49,"chronology":{"id":"ISO","calendarType":"iso8601"}}}]
2018-01-07 12:16:49 INFO  Utils:63 - Get the product info by name as Dove Soap
2018-01-07 12:16:49 INFO  Utils:70 - Product : {"code":"2fc82732-fd6c-4b34-bd61-13447c07142c","name":"Dove Soap","price":39.99,"description":"Dove Soap is a beauty soap.","manufacturer":"Dove Ltd.","category":"COSMATIC","creadtedOn":{"dayOfMonth":7,"dayOfWeek":"SUNDAY","dayOfYear":7,"month":"JANUARY","monthValue":1,"year":2018,"hour":12,"minute":16,"nano":23000000,"second":49,"chronology":{"id":"ISO","calendarType":"iso8601"}}}
2018-01-07 12:16:49 INFO  Utils:72 - Get the product info by name as Axe Deo
2018-01-07 12:16:49 INFO  Utils:79 - Product : {"code":"b5ccdb97-9cfa-4227-a39e-8752da90edca","name":"Axe Deo","price":99.99,"description":"Axe Deo is a body Deodrant.","manufacturer":"Axe Ltd.","category":"COSMATIC","creadtedOn":{"dayOfMonth":7,"dayOfWeek":"SUNDAY","dayOfYear":7,"month":"JANUARY","monthValue":1,"year":2018,"hour":12,"minute":16,"nano":23000000,"second":49,"chronology":{"id":"ISO","calendarType":"iso8601"}}}
2018-01-07 12:16:49 INFO  Utils:81 - Creating doveSoapProduct
2018-01-07 12:16:49 INFO  Utils:84 - Creating axeDeoProduct
2018-01-07 12:16:49 INFO  Utils:87 - Creating OrderService
2018-01-07 12:16:49 INFO  Utils:90 - Creating an order for user
2018-01-07 12:16:49 INFO  Utils:94 - Get order id as eb5197dd-2441-4aef-bf63-46521e8beb3e
2018-01-07 12:16:49 INFO  Utils:96 - Adding 2 dove soap products in the order
2018-01-07 12:16:49 INFO  Utils:100 - Adding 2 axe deo products in the order
2018-01-07 12:16:49 INFO  Utils:104 - [{"product":{"code":"2fc82732-fd6c-4b34-bd61-13447c07142c","name":"Dove Soap","price":39.99,"description":"Dove Soap is a beauty soap.","manufacturer":"Dove Ltd.","category":"COSMATIC","creadtedOn":{"dayOfMonth":7,"dayOfWeek":"SUNDAY","dayOfYear":7,"month":"JANUARY","monthValue":1,"year":2018,"hour":12,"minute":16,"nano":23000000,"second":49,"chronology":{"id":"ISO","calendarType":"iso8601"}}},"quantity":2,"tax":0.0}, {"product":{"code":"b5ccdb97-9cfa-4227-a39e-8752da90edca","name":"Axe Deo","price":99.99,"description":"Axe Deo is a body Deodrant.","manufacturer":"Axe Ltd.","category":"COSMATIC","creadtedOn":{"dayOfMonth":7,"dayOfWeek":"SUNDAY","dayOfYear":7,"month":"JANUARY","monthValue":1,"year":2018,"hour":12,"minute":16,"nano":23000000,"second":49,"chronology":{"id":"ISO","calendarType":"iso8601"}}},"quantity":2,"tax":0.0}]
2018-01-07 12:16:49 INFO  Utils:106 - Creating ShoppingCartService
2018-01-07 12:16:49 INFO  Utils:109 - Creating a shopping cart for user
2018-01-07 12:16:49 INFO  Utils:113 - Get shopping cart id as c5b8faa6-a33e-4fb4-8605-727b5f75462e
2018-01-07 12:16:49 INFO  Utils:115 - Adding order to the shopping cart
2018-01-07 12:16:49 INFO  Utils:118 - Shopping cart Summary : {"totalTax":0.0,"totalCartAmount":279.96}
2018-01-07 12:18:18 INFO  Utils:26 - -------------------------------------------------------------------------------------------
2018-01-07 12:18:18 INFO  Utils:27 - Starting the Shopping Cart Application
2018-01-07 12:18:18 INFO  Utils:28 - -------------------------------------------------------------------------------------------
2018-01-07 12:18:18 INFO  Utils:34 - Creating UserService
2018-01-07 12:18:27 INFO  Utils:41 - All users in system : [{"userId":6054023822114898214,"userEmailId":"john@gmail.com","userName":"JOHN SMITH","shippingAddresses":[{"street":"100 MAIN ST PO BOX 1022","city":"SEATTLE","state":"WA","country":"USA","zipcode":"98104"}],"userState":"ACTIVE","createdOn":{"hour":12,"minute":18,"nano":354000000,"second":27,"dayOfMonth":7,"dayOfWeek":"SUNDAY","dayOfYear":7,"month":"JANUARY","monthValue":1,"year":2018,"chronology":{"id":"ISO","calendarType":"iso8601"}}}, {"userId":2107032048455928175,"userEmailId":"mary@gmail.com","userName":"MARY ROE","shippingAddresses":[{"street":"MEGASYSTEMS INC SUITE 5A-1204","city":"TUCSON","state":"AZ","country":"USA","zipcode":"85705"}],"userState":"ACTIVE","createdOn":{"hour":12,"minute":18,"nano":355000000,"second":27,"dayOfMonth":7,"dayOfWeek":"SUNDAY","dayOfYear":7,"month":"JANUARY","monthValue":1,"year":2018,"chronology":{"id":"ISO","calendarType":"iso8601"}}}]
2018-01-07 12:18:27 INFO  Utils:43 - Get the user by email Id john@gmail.com
2018-01-07 12:18:27 INFO  Utils:49 - User {"userId":6054023822114898214,"userEmailId":"john@gmail.com","userName":"JOHN SMITH","shippingAddresses":[{"street":"100 MAIN ST PO BOX 1022","city":"SEATTLE","state":"WA","country":"USA","zipcode":"98104"}],"userState":"ACTIVE","createdOn":{"hour":12,"minute":18,"nano":354000000,"second":27,"dayOfMonth":7,"dayOfWeek":"SUNDAY","dayOfYear":7,"month":"JANUARY","monthValue":1,"year":2018,"chronology":{"id":"ISO","calendarType":"iso8601"}}}
2018-01-07 12:18:27 INFO  Utils:52 - User ID 6054023822114898214
2018-01-07 12:18:27 INFO  Utils:54 - Creating ProductInfoService
2018-01-07 12:18:27 INFO  Utils:61 - All products in system : [{"code":"53a4ec93-42f6-4d7a-8a70-2405ee66fa6d","name":"Dove Soap","price":39.99,"description":"Dove Soap is a beauty soap.","manufacturer":"Dove Ltd.","category":"COSMATIC","creadtedOn":{"hour":12,"minute":18,"nano":877000000,"second":27,"dayOfMonth":7,"dayOfWeek":"SUNDAY","dayOfYear":7,"month":"JANUARY","monthValue":1,"year":2018,"chronology":{"id":"ISO","calendarType":"iso8601"}}}, {"code":"8475a747-b7cb-4116-af24-cf1c06f977ee","name":"Axe Deo","price":99.99,"description":"Axe Deo is a body Deodrant.","manufacturer":"Axe Ltd.","category":"COSMATIC","creadtedOn":{"hour":12,"minute":18,"nano":877000000,"second":27,"dayOfMonth":7,"dayOfWeek":"SUNDAY","dayOfYear":7,"month":"JANUARY","monthValue":1,"year":2018,"chronology":{"id":"ISO","calendarType":"iso8601"}}}, {"code":"ed7e8e98-b6fe-4969-bd79-87272b1a8837","name":"Killer Deo","price":150.56,"description":"Killer Deo is a body Deodrant.","manufacturer":"Killer Ltd.","category":"COSMATIC","creadtedOn":{"hour":12,"minute":18,"nano":877000000,"second":27,"dayOfMonth":7,"dayOfWeek":"SUNDAY","dayOfYear":7,"month":"JANUARY","monthValue":1,"year":2018,"chronology":{"id":"ISO","calendarType":"iso8601"}}}]
2018-01-07 12:18:27 INFO  Utils:63 - Get the product info by name as Dove Soap
2018-01-07 12:18:27 INFO  Utils:70 - Product : {"code":"53a4ec93-42f6-4d7a-8a70-2405ee66fa6d","name":"Dove Soap","price":39.99,"description":"Dove Soap is a beauty soap.","manufacturer":"Dove Ltd.","category":"COSMATIC","creadtedOn":{"hour":12,"minute":18,"nano":877000000,"second":27,"dayOfMonth":7,"dayOfWeek":"SUNDAY","dayOfYear":7,"month":"JANUARY","monthValue":1,"year":2018,"chronology":{"id":"ISO","calendarType":"iso8601"}}}
2018-01-07 12:18:27 INFO  Utils:72 - Get the product info by name as Axe Deo
2018-01-07 12:18:27 INFO  Utils:79 - Product : {"code":"8475a747-b7cb-4116-af24-cf1c06f977ee","name":"Axe Deo","price":99.99,"description":"Axe Deo is a body Deodrant.","manufacturer":"Axe Ltd.","category":"COSMATIC","creadtedOn":{"hour":12,"minute":18,"nano":877000000,"second":27,"dayOfMonth":7,"dayOfWeek":"SUNDAY","dayOfYear":7,"month":"JANUARY","monthValue":1,"year":2018,"chronology":{"id":"ISO","calendarType":"iso8601"}}}
2018-01-07 12:18:27 INFO  Utils:81 - Creating doveSoapProduct
2018-01-07 12:18:27 INFO  Utils:84 - Creating axeDeoProduct
2018-01-07 12:18:27 INFO  Utils:87 - Creating OrderService
2018-01-07 12:18:27 INFO  Utils:90 - Creating an order for user
2018-01-07 12:18:27 INFO  Utils:94 - Get order id as 18d4fd85-356d-407c-8e31-22d017d896bc
2018-01-07 12:18:27 INFO  Utils:96 - Adding 2 dove soap products in the order
2018-01-07 12:18:27 INFO  Utils:100 - Adding 2 axe deo products in the order
2018-01-07 12:18:27 INFO  Utils:104 - [{"product":{"code":"53a4ec93-42f6-4d7a-8a70-2405ee66fa6d","name":"Dove Soap","price":39.99,"description":"Dove Soap is a beauty soap.","manufacturer":"Dove Ltd.","category":"COSMATIC","creadtedOn":{"hour":12,"minute":18,"nano":877000000,"second":27,"dayOfMonth":7,"dayOfWeek":"SUNDAY","dayOfYear":7,"month":"JANUARY","monthValue":1,"year":2018,"chronology":{"id":"ISO","calendarType":"iso8601"}}},"quantity":2,"tax":0.0}, {"product":{"code":"8475a747-b7cb-4116-af24-cf1c06f977ee","name":"Axe Deo","price":99.99,"description":"Axe Deo is a body Deodrant.","manufacturer":"Axe Ltd.","category":"COSMATIC","creadtedOn":{"hour":12,"minute":18,"nano":877000000,"second":27,"dayOfMonth":7,"dayOfWeek":"SUNDAY","dayOfYear":7,"month":"JANUARY","monthValue":1,"year":2018,"chronology":{"id":"ISO","calendarType":"iso8601"}}},"quantity":2,"tax":0.0}]
2018-01-07 12:18:27 INFO  Utils:106 - Creating ShoppingCartService
2018-01-07 12:18:27 INFO  Utils:109 - Creating a shopping cart for user
2018-01-07 12:18:27 INFO  Utils:113 - Get shopping cart id as ad3ae9eb-c48c-4bff-9e4b-b9a7b5cef4ec
2018-01-07 12:18:27 INFO  Utils:115 - Adding order to the shopping cart
2018-01-07 12:19:09 INFO  Utils:118 - Shopping cart Summary : {"totalTax":0.0,"totalCartAmount":279.96}
2018-01-07 12:20:13 INFO  Utils:26 - -------------------------------------------------------------------------------------------
2018-01-07 12:20:13 INFO  Utils:27 - Starting the Shopping Cart Application
2018-01-07 12:20:13 INFO  Utils:28 - -------------------------------------------------------------------------------------------
2018-01-07 12:20:13 INFO  Utils:34 - Creating UserService
2018-01-07 12:20:14 INFO  Utils:41 - All users in system : [{"userId":2108770647596287246,"userEmailId":"john@gmail.com","userName":"JOHN SMITH","shippingAddresses":[{"street":"100 MAIN ST PO BOX 1022","city":"SEATTLE","state":"WA","country":"USA","zipcode":"98104"}],"userState":"ACTIVE","createdOn":{"hour":12,"minute":20,"nano":759000000,"second":13,"dayOfMonth":7,"dayOfWeek":"SUNDAY","dayOfYear":7,"month":"JANUARY","monthValue":1,"year":2018,"chronology":{"id":"ISO","calendarType":"iso8601"}}}, {"userId":25227214942718263,"userEmailId":"mary@gmail.com","userName":"MARY ROE","shippingAddresses":[{"street":"MEGASYSTEMS INC SUITE 5A-1204","city":"TUCSON","state":"AZ","country":"USA","zipcode":"85705"}],"userState":"ACTIVE","createdOn":{"hour":12,"minute":20,"nano":759000000,"second":13,"dayOfMonth":7,"dayOfWeek":"SUNDAY","dayOfYear":7,"month":"JANUARY","monthValue":1,"year":2018,"chronology":{"id":"ISO","calendarType":"iso8601"}}}]
2018-01-07 12:20:14 INFO  Utils:43 - Get the user by email Id john@gmail.com
2018-01-07 12:20:14 INFO  Utils:49 - User {"userId":2108770647596287246,"userEmailId":"john@gmail.com","userName":"JOHN SMITH","shippingAddresses":[{"street":"100 MAIN ST PO BOX 1022","city":"SEATTLE","state":"WA","country":"USA","zipcode":"98104"}],"userState":"ACTIVE","createdOn":{"hour":12,"minute":20,"nano":759000000,"second":13,"dayOfMonth":7,"dayOfWeek":"SUNDAY","dayOfYear":7,"month":"JANUARY","monthValue":1,"year":2018,"chronology":{"id":"ISO","calendarType":"iso8601"}}}
2018-01-07 12:20:14 INFO  Utils:52 - User ID 2108770647596287246
2018-01-07 12:20:14 INFO  Utils:54 - Creating ProductInfoService
2018-01-07 12:20:14 INFO  Utils:61 - All products in system : [{"code":"a78b6060-e2ef-49a8-bec8-ba6ee501564d","name":"Dove Soap","price":39.99,"description":"Dove Soap is a beauty soap.","manufacturer":"Dove Ltd.","category":"COSMATIC","creadtedOn":{"hour":12,"minute":20,"nano":236000000,"second":14,"dayOfMonth":7,"dayOfWeek":"SUNDAY","dayOfYear":7,"month":"JANUARY","monthValue":1,"year":2018,"chronology":{"id":"ISO","calendarType":"iso8601"}}}, {"code":"478ab3fa-02b1-41de-b896-72b106a81e86","name":"Axe Deo","price":99.99,"description":"Axe Deo is a body Deodrant.","manufacturer":"Axe Ltd.","category":"COSMATIC","creadtedOn":{"hour":12,"minute":20,"nano":236000000,"second":14,"dayOfMonth":7,"dayOfWeek":"SUNDAY","dayOfYear":7,"month":"JANUARY","monthValue":1,"year":2018,"chronology":{"id":"ISO","calendarType":"iso8601"}}}, {"code":"deeea92b-e0b5-488f-b676-cf507fcc144d","name":"Killer Deo","price":150.56,"description":"Killer Deo is a body Deodrant.","manufacturer":"Killer Ltd.","category":"COSMATIC","creadtedOn":{"hour":12,"minute":20,"nano":236000000,"second":14,"dayOfMonth":7,"dayOfWeek":"SUNDAY","dayOfYear":7,"month":"JANUARY","monthValue":1,"year":2018,"chronology":{"id":"ISO","calendarType":"iso8601"}}}]
2018-01-07 12:20:14 INFO  Utils:63 - Get the product info by name as Dove Soap
2018-01-07 12:20:14 INFO  Utils:70 - Product : {"code":"a78b6060-e2ef-49a8-bec8-ba6ee501564d","name":"Dove Soap","price":39.99,"description":"Dove Soap is a beauty soap.","manufacturer":"Dove Ltd.","category":"COSMATIC","creadtedOn":{"hour":12,"minute":20,"nano":236000000,"second":14,"dayOfMonth":7,"dayOfWeek":"SUNDAY","dayOfYear":7,"month":"JANUARY","monthValue":1,"year":2018,"chronology":{"id":"ISO","calendarType":"iso8601"}}}
2018-01-07 12:20:14 INFO  Utils:72 - Get the product info by name as Axe Deo
2018-01-07 12:20:14 INFO  Utils:79 - Product : {"code":"478ab3fa-02b1-41de-b896-72b106a81e86","name":"Axe Deo","price":99.99,"description":"Axe Deo is a body Deodrant.","manufacturer":"Axe Ltd.","category":"COSMATIC","creadtedOn":{"hour":12,"minute":20,"nano":236000000,"second":14,"dayOfMonth":7,"dayOfWeek":"SUNDAY","dayOfYear":7,"month":"JANUARY","monthValue":1,"year":2018,"chronology":{"id":"ISO","calendarType":"iso8601"}}}
2018-01-07 12:20:14 INFO  Utils:81 - Creating doveSoapProduct
2018-01-07 12:20:14 INFO  Utils:84 - Creating axeDeoProduct
2018-01-07 12:20:14 INFO  Utils:87 - Creating OrderService
2018-01-07 12:20:14 INFO  Utils:90 - Creating an order for user
2018-01-07 12:20:14 INFO  Utils:94 - Get order id as 1c07fa1e-3257-47f4-9de5-b14460ea8fef
2018-01-07 12:20:14 INFO  Utils:96 - Adding 2 dove soap products in the order
2018-01-07 12:20:14 INFO  Utils:100 - Adding 2 axe deo products in the order
2018-01-07 12:20:14 INFO  Utils:104 - [{"product":{"code":"a78b6060-e2ef-49a8-bec8-ba6ee501564d","name":"Dove Soap","price":39.99,"description":"Dove Soap is a beauty soap.","manufacturer":"Dove Ltd.","category":"COSMATIC","creadtedOn":{"hour":12,"minute":20,"nano":236000000,"second":14,"dayOfMonth":7,"dayOfWeek":"SUNDAY","dayOfYear":7,"month":"JANUARY","monthValue":1,"year":2018,"chronology":{"id":"ISO","calendarType":"iso8601"}}},"quantity":2,"tax":12.5}, {"product":{"code":"478ab3fa-02b1-41de-b896-72b106a81e86","name":"Axe Deo","price":99.99,"description":"Axe Deo is a body Deodrant.","manufacturer":"Axe Ltd.","category":"COSMATIC","creadtedOn":{"hour":12,"minute":20,"nano":236000000,"second":14,"dayOfMonth":7,"dayOfWeek":"SUNDAY","dayOfYear":7,"month":"JANUARY","monthValue":1,"year":2018,"chronology":{"id":"ISO","calendarType":"iso8601"}}},"quantity":2,"tax":12.5}]
2018-01-07 12:20:14 INFO  Utils:106 - Creating ShoppingCartService
2018-01-07 12:20:14 INFO  Utils:109 - Creating a shopping cart for user
2018-01-07 12:20:14 INFO  Utils:113 - Get shopping cart id as 998101d1-54b4-4497-9d75-6b69043766af
2018-01-07 12:20:14 INFO  Utils:115 - Adding order to the shopping cart
2018-01-07 12:20:14 INFO  Utils:118 - Shopping cart Summary : {"totalTax":34.99,"totalCartAmount":279.96}
2018-01-07 18:22:37 INFO  Utils:26 - -------------------------------------------------------------------------------------------
2018-01-07 18:22:37 INFO  Utils:27 - Starting the Shopping Cart Application
2018-01-07 18:22:37 INFO  Utils:28 - -------------------------------------------------------------------------------------------
2018-01-07 18:22:37 INFO  Utils:34 - Creating UserService
2018-01-07 18:22:38 INFO  Utils:41 - All users in system : [{"userId":4411802895891253029,"userEmailId":"john@gmail.com","userName":"JOHN SMITH","userRole":"USER","shippingAddresses":[{"street":"100 MAIN ST PO BOX 1022","city":"SEATTLE","state":"WA","country":"USA","zipcode":"98104"}],"userState":"ACTIVE","createdOn":{"dayOfMonth":7,"dayOfWeek":"SUNDAY","dayOfYear":7,"month":"JANUARY","monthValue":1,"year":2018,"hour":18,"minute":22,"nano":763000000,"second":37,"chronology":{"id":"ISO","calendarType":"iso8601"}}}, {"userId":8503338084998926088,"userEmailId":"mary@gmail.com","userName":"MARY ROE","userRole":"USER","shippingAddresses":[{"street":"MEGASYSTEMS INC SUITE 5A-1204","city":"TUCSON","state":"AZ","country":"USA","zipcode":"85705"}],"userState":"ACTIVE","createdOn":{"dayOfMonth":7,"dayOfWeek":"SUNDAY","dayOfYear":7,"month":"JANUARY","monthValue":1,"year":2018,"hour":18,"minute":22,"nano":763000000,"second":37,"chronology":{"id":"ISO","calendarType":"iso8601"}}}]
2018-01-07 18:22:38 INFO  Utils:43 - Get the user by email Id john@gmail.com
2018-01-07 18:22:38 INFO  Utils:49 - User {"userId":4411802895891253029,"userEmailId":"john@gmail.com","userName":"JOHN SMITH","userRole":"USER","shippingAddresses":[{"street":"100 MAIN ST PO BOX 1022","city":"SEATTLE","state":"WA","country":"USA","zipcode":"98104"}],"userState":"ACTIVE","createdOn":{"dayOfMonth":7,"dayOfWeek":"SUNDAY","dayOfYear":7,"month":"JANUARY","monthValue":1,"year":2018,"hour":18,"minute":22,"nano":763000000,"second":37,"chronology":{"id":"ISO","calendarType":"iso8601"}}}
2018-01-07 18:22:38 INFO  Utils:52 - User ID 4411802895891253029
2018-01-07 18:22:38 INFO  Utils:54 - Creating ProductInfoService
2018-01-07 18:22:38 INFO  Utils:61 - All products in system : [{"code":"b44ca402-16a7-4846-9f33-2b3954770ff4","name":"Dove Soap","price":39.99,"description":"Dove Soap is a beauty soap.","manufacturer":"Dove Ltd.","category":"COSMATIC","creadtedOn":{"dayOfMonth":7,"dayOfWeek":"SUNDAY","dayOfYear":7,"month":"JANUARY","monthValue":1,"year":2018,"hour":18,"minute":22,"nano":155000000,"second":38,"chronology":{"id":"ISO","calendarType":"iso8601"}}}, {"code":"617a23a1-97ac-47d8-8c0e-83c0f674802d","name":"Axe Deo","price":99.99,"description":"Axe Deo is a body Deodrant.","manufacturer":"Axe Ltd.","category":"COSMATIC","creadtedOn":{"dayOfMonth":7,"dayOfWeek":"SUNDAY","dayOfYear":7,"month":"JANUARY","monthValue":1,"year":2018,"hour":18,"minute":22,"nano":155000000,"second":38,"chronology":{"id":"ISO","calendarType":"iso8601"}}}, {"code":"1ffcf33e-f79a-403f-974f-0c6cac20bd8e","name":"Killer Deo","price":150.56,"description":"Killer Deo is a body Deodrant.","manufacturer":"Killer Ltd.","category":"COSMATIC","creadtedOn":{"dayOfMonth":7,"dayOfWeek":"SUNDAY","dayOfYear":7,"month":"JANUARY","monthValue":1,"year":2018,"hour":18,"minute":22,"nano":155000000,"second":38,"chronology":{"id":"ISO","calendarType":"iso8601"}}}]
2018-01-07 18:22:38 INFO  Utils:63 - Get the product info by name as Dove Soap
2018-01-07 18:22:38 INFO  Utils:70 - Product : {"code":"b44ca402-16a7-4846-9f33-2b3954770ff4","name":"Dove Soap","price":39.99,"description":"Dove Soap is a beauty soap.","manufacturer":"Dove Ltd.","category":"COSMATIC","creadtedOn":{"dayOfMonth":7,"dayOfWeek":"SUNDAY","dayOfYear":7,"month":"JANUARY","monthValue":1,"year":2018,"hour":18,"minute":22,"nano":155000000,"second":38,"chronology":{"id":"ISO","calendarType":"iso8601"}}}
2018-01-07 18:22:38 INFO  Utils:72 - Get the product info by name as Axe Deo
2018-01-07 18:22:38 INFO  Utils:79 - Product : {"code":"617a23a1-97ac-47d8-8c0e-83c0f674802d","name":"Axe Deo","price":99.99,"description":"Axe Deo is a body Deodrant.","manufacturer":"Axe Ltd.","category":"COSMATIC","creadtedOn":{"dayOfMonth":7,"dayOfWeek":"SUNDAY","dayOfYear":7,"month":"JANUARY","monthValue":1,"year":2018,"hour":18,"minute":22,"nano":155000000,"second":38,"chronology":{"id":"ISO","calendarType":"iso8601"}}}
2018-01-07 18:22:38 INFO  Utils:81 - Creating doveSoapProduct
2018-01-07 18:22:38 INFO  Utils:84 - Creating axeDeoProduct
2018-01-07 18:22:38 INFO  Utils:87 - Creating OrderService
2018-01-07 18:22:38 INFO  Utils:90 - Creating an order for user
2018-01-07 18:22:38 INFO  Utils:94 - Get order id as cff8e9ed-9c14-4901-9e03-1ba1d8e59856
2018-01-07 18:22:38 INFO  Utils:96 - Adding 2 dove soap products in the order
2018-01-07 18:22:38 INFO  Utils:100 - Adding 2 axe deo products in the order
2018-01-07 18:22:38 INFO  Utils:104 - [{"product":{"code":"b44ca402-16a7-4846-9f33-2b3954770ff4","name":"Dove Soap","price":39.99,"description":"Dove Soap is a beauty soap.","manufacturer":"Dove Ltd.","category":"COSMATIC","creadtedOn":{"dayOfMonth":7,"dayOfWeek":"SUNDAY","dayOfYear":7,"month":"JANUARY","monthValue":1,"year":2018,"hour":18,"minute":22,"nano":155000000,"second":38,"chronology":{"id":"ISO","calendarType":"iso8601"}}},"quantity":2,"tax":12.5}, {"product":{"code":"617a23a1-97ac-47d8-8c0e-83c0f674802d","name":"Axe Deo","price":99.99,"description":"Axe Deo is a body Deodrant.","manufacturer":"Axe Ltd.","category":"COSMATIC","creadtedOn":{"dayOfMonth":7,"dayOfWeek":"SUNDAY","dayOfYear":7,"month":"JANUARY","monthValue":1,"year":2018,"hour":18,"minute":22,"nano":155000000,"second":38,"chronology":{"id":"ISO","calendarType":"iso8601"}}},"quantity":2,"tax":12.5}]
2018-01-07 18:22:38 INFO  Utils:106 - Creating ShoppingCartService
2018-01-07 18:22:38 INFO  Utils:109 - Creating a shopping cart for user
2018-01-07 18:22:38 INFO  Utils:113 - Get shopping cart id as 431eb8e3-3ced-441d-a777-9cc182172544
2018-01-07 18:22:38 INFO  Utils:115 - Adding order to the shopping cart
2018-01-07 18:22:38 INFO  Utils:118 - Shopping cart Summary : {"totalTax":34.99,"totalCartAmount":279.96}
2018-01-08 08:17:50 ERROR Utils:59 - No serializer found for class java.lang.Object and no properties discovered to create BeanSerializer (to avoid exception, disable SerializationFeature.FAIL_ON_EMPTY_BEANS)
2018-01-08 08:20:30 ERROR Utils:62 - No serializer found for class java.lang.Object and no properties discovered to create BeanSerializer (to avoid exception, disable SerializationFeature.FAIL_ON_EMPTY_BEANS)
2018-01-08 08:45:07 ERROR Utils:62 - No serializer found for class java.lang.Object and no properties discovered to create BeanSerializer (to avoid exception, disable SerializationFeature.FAIL_ON_EMPTY_BEANS)
2018-01-08 10:41:34 ERROR Utils:62 - No serializer found for class java.lang.Object and no properties discovered to create BeanSerializer (to avoid exception, disable SerializationFeature.FAIL_ON_EMPTY_BEANS)
2018-01-08 13:06:18 INFO  Utils:26 - -------------------------------------------------------------------------------------------
2018-01-08 13:06:18 INFO  Utils:27 - Starting the Shopping Cart Application
2018-01-08 13:06:18 INFO  Utils:28 - -------------------------------------------------------------------------------------------
2018-01-08 13:06:18 INFO  Utils:34 - Creating UserService
2018-01-08 13:06:18 INFO  Utils:41 - All users in system : [{"userId":1042256672241763082,"userEmailId":"john@gmail.com","userName":"JOHN SMITH","userRole":"USER","shippingAddresses":[{"street":"100 MAIN ST PO BOX 1022","city":"SEATTLE","state":"WA","country":"USA","zipcode":"98104"}],"userState":"ACTIVE","createdOn":{"monthValue":1,"year":2018,"dayOfMonth":8,"dayOfWeek":"MONDAY","dayOfYear":8,"month":"JANUARY","hour":13,"minute":6,"nano":384000000,"second":18,"chronology":{"id":"ISO","calendarType":"iso8601"}}}, {"userId":2775785457991238097,"userEmailId":"mary@gmail.com","userName":"MARY ROE","userRole":"USER","shippingAddresses":[{"street":"MEGASYSTEMS INC SUITE 5A-1204","city":"TUCSON","state":"AZ","country":"USA","zipcode":"85705"}],"userState":"ACTIVE","createdOn":{"monthValue":1,"year":2018,"dayOfMonth":8,"dayOfWeek":"MONDAY","dayOfYear":8,"month":"JANUARY","hour":13,"minute":6,"nano":384000000,"second":18,"chronology":{"id":"ISO","calendarType":"iso8601"}}}]
2018-01-08 13:06:18 INFO  Utils:43 - Get the user by email Id john@gmail.com
2018-01-08 13:06:18 INFO  Utils:49 - User {"userId":1042256672241763082,"userEmailId":"john@gmail.com","userName":"JOHN SMITH","userRole":"USER","shippingAddresses":[{"street":"100 MAIN ST PO BOX 1022","city":"SEATTLE","state":"WA","country":"USA","zipcode":"98104"}],"userState":"ACTIVE","createdOn":{"monthValue":1,"year":2018,"dayOfMonth":8,"dayOfWeek":"MONDAY","dayOfYear":8,"month":"JANUARY","hour":13,"minute":6,"nano":384000000,"second":18,"chronology":{"id":"ISO","calendarType":"iso8601"}}}
2018-01-08 13:06:18 INFO  Utils:52 - User ID 1042256672241763082
2018-01-08 13:06:18 INFO  Utils:54 - Creating ProductInfoService
2018-01-08 13:06:18 INFO  Utils:61 - All products in system : [{"code":"b1caf2db-513d-4d80-9599-9d75fa380c9f","name":"Dove Soap","price":39.99,"description":"Dove Soap is a beauty soap.","manufacturer":"Dove Ltd.","category":"COSMATIC","creadtedOn":{"monthValue":1,"year":2018,"dayOfMonth":8,"dayOfWeek":"MONDAY","dayOfYear":8,"month":"JANUARY","hour":13,"minute":6,"nano":767000000,"second":18,"chronology":{"id":"ISO","calendarType":"iso8601"}}}, {"code":"e6249a48-2c08-425a-9249-abc8853c7d9b","name":"Axe Deo","price":99.99,"description":"Axe Deo is a body Deodrant.","manufacturer":"Axe Ltd.","category":"COSMATIC","creadtedOn":{"monthValue":1,"year":2018,"dayOfMonth":8,"dayOfWeek":"MONDAY","dayOfYear":8,"month":"JANUARY","hour":13,"minute":6,"nano":767000000,"second":18,"chronology":{"id":"ISO","calendarType":"iso8601"}}}, {"code":"a4c86514-279e-484c-ac66-66b7a464f65d","name":"Killer Deo","price":150.56,"description":"Killer Deo is a body Deodrant.","manufacturer":"Killer Ltd.","category":"COSMATIC","creadtedOn":{"monthValue":1,"year":2018,"dayOfMonth":8,"dayOfWeek":"MONDAY","dayOfYear":8,"month":"JANUARY","hour":13,"minute":6,"nano":767000000,"second":18,"chronology":{"id":"ISO","calendarType":"iso8601"}}}]
2018-01-08 13:06:18 INFO  Utils:63 - Get the product info by name as Dove Soap
2018-01-08 13:06:18 INFO  Utils:70 - Product : {"code":"b1caf2db-513d-4d80-9599-9d75fa380c9f","name":"Dove Soap","price":39.99,"description":"Dove Soap is a beauty soap.","manufacturer":"Dove Ltd.","category":"COSMATIC","creadtedOn":{"monthValue":1,"year":2018,"dayOfMonth":8,"dayOfWeek":"MONDAY","dayOfYear":8,"month":"JANUARY","hour":13,"minute":6,"nano":767000000,"second":18,"chronology":{"id":"ISO","calendarType":"iso8601"}}}
2018-01-08 13:06:18 INFO  Utils:72 - Get the product info by name as Axe Deo
2018-01-08 13:06:18 INFO  Utils:79 - Product : {"code":"e6249a48-2c08-425a-9249-abc8853c7d9b","name":"Axe Deo","price":99.99,"description":"Axe Deo is a body Deodrant.","manufacturer":"Axe Ltd.","category":"COSMATIC","creadtedOn":{"monthValue":1,"year":2018,"dayOfMonth":8,"dayOfWeek":"MONDAY","dayOfYear":8,"month":"JANUARY","hour":13,"minute":6,"nano":767000000,"second":18,"chronology":{"id":"ISO","calendarType":"iso8601"}}}
2018-01-08 13:06:18 INFO  Utils:81 - Creating doveSoapProduct
2018-01-08 13:06:18 INFO  Utils:84 - Creating axeDeoProduct
2018-01-08 13:06:18 INFO  Utils:87 - Creating OrderService
2018-01-08 13:06:18 INFO  Utils:90 - Creating an order for user
2018-01-08 13:06:18 INFO  Utils:94 - Get order id as 52f21264-45a3-4766-889c-02268d85343f
2018-01-08 13:06:18 INFO  Utils:96 - Adding 2 dove soap products in the order
2018-01-08 13:06:18 INFO  Utils:103 - Adding 2 axe deo products in the order
2018-01-08 13:06:18 INFO  Utils:107 - [{"product":{"code":"b1caf2db-513d-4d80-9599-9d75fa380c9f","name":"Dove Soap","price":39.99,"description":"Dove Soap is a beauty soap.","manufacturer":"Dove Ltd.","category":"COSMATIC","creadtedOn":{"monthValue":1,"year":2018,"dayOfMonth":8,"dayOfWeek":"MONDAY","dayOfYear":8,"month":"JANUARY","hour":13,"minute":6,"nano":767000000,"second":18,"chronology":{"id":"ISO","calendarType":"iso8601"}}},"quantity":5,"tax":12.5}]
2018-01-08 13:06:18 INFO  Utils:109 - Creating ShoppingCartService
2018-01-08 13:06:18 INFO  Utils:112 - Creating a shopping cart for user
2018-01-08 13:06:18 INFO  Utils:116 - Get shopping cart id as 91fc26ad-003f-4de9-823b-febfcbbfb10a
2018-01-08 13:06:18 INFO  Utils:118 - Adding order to the shopping cart
2018-01-08 13:06:18 INFO  Utils:121 - Shopping cart Summary : {"totalTax":24.99,"totalCartAmount":224.94}
2018-01-08 13:06:39 INFO  Utils:26 - -------------------------------------------------------------------------------------------
2018-01-08 13:06:39 INFO  Utils:27 - Starting the Shopping Cart Application
2018-01-08 13:06:39 INFO  Utils:28 - -------------------------------------------------------------------------------------------
2018-01-08 13:06:39 INFO  Utils:34 - Creating UserService
2018-01-08 13:06:39 INFO  Utils:41 - All users in system : [{"userId":1985248679249071893,"userEmailId":"john@gmail.com","userName":"JOHN SMITH","userRole":"USER","shippingAddresses":[{"street":"100 MAIN ST PO BOX 1022","city":"SEATTLE","state":"WA","country":"USA","zipcode":"98104"}],"userState":"ACTIVE","createdOn":{"dayOfMonth":8,"dayOfWeek":"MONDAY","dayOfYear":8,"month":"JANUARY","monthValue":1,"year":2018,"hour":13,"minute":6,"nano":527000000,"second":39,"chronology":{"id":"ISO","calendarType":"iso8601"}}}, {"userId":7763848648522615446,"userEmailId":"mary@gmail.com","userName":"MARY ROE","userRole":"USER","shippingAddresses":[{"street":"MEGASYSTEMS INC SUITE 5A-1204","city":"TUCSON","state":"AZ","country":"USA","zipcode":"85705"}],"userState":"ACTIVE","createdOn":{"dayOfMonth":8,"dayOfWeek":"MONDAY","dayOfYear":8,"month":"JANUARY","monthValue":1,"year":2018,"hour":13,"minute":6,"nano":528000000,"second":39,"chronology":{"id":"ISO","calendarType":"iso8601"}}}]
2018-01-08 13:06:39 INFO  Utils:43 - Get the user by email Id john@gmail.com
2018-01-08 13:06:39 INFO  Utils:49 - User {"userId":1985248679249071893,"userEmailId":"john@gmail.com","userName":"JOHN SMITH","userRole":"USER","shippingAddresses":[{"street":"100 MAIN ST PO BOX 1022","city":"SEATTLE","state":"WA","country":"USA","zipcode":"98104"}],"userState":"ACTIVE","createdOn":{"dayOfMonth":8,"dayOfWeek":"MONDAY","dayOfYear":8,"month":"JANUARY","monthValue":1,"year":2018,"hour":13,"minute":6,"nano":527000000,"second":39,"chronology":{"id":"ISO","calendarType":"iso8601"}}}
2018-01-08 13:06:39 INFO  Utils:52 - User ID 1985248679249071893
2018-01-08 13:06:39 INFO  Utils:54 - Creating ProductInfoService
2018-01-08 13:06:39 INFO  Utils:61 - All products in system : [{"code":"e1e7a837-159d-4373-aa86-c6d6e8b99e9c","name":"Dove Soap","price":39.99,"description":"Dove Soap is a beauty soap.","manufacturer":"Dove Ltd.","category":"COSMATIC","creadtedOn":{"dayOfMonth":8,"dayOfWeek":"MONDAY","dayOfYear":8,"month":"JANUARY","monthValue":1,"year":2018,"hour":13,"minute":6,"nano":838000000,"second":39,"chronology":{"id":"ISO","calendarType":"iso8601"}}}, {"code":"c29e5773-dbf7-4600-967b-76ceb4e8e0e6","name":"Axe Deo","price":99.99,"description":"Axe Deo is a body Deodrant.","manufacturer":"Axe Ltd.","category":"COSMATIC","creadtedOn":{"dayOfMonth":8,"dayOfWeek":"MONDAY","dayOfYear":8,"month":"JANUARY","monthValue":1,"year":2018,"hour":13,"minute":6,"nano":838000000,"second":39,"chronology":{"id":"ISO","calendarType":"iso8601"}}}, {"code":"d8cd669e-7c07-479b-82e6-474f3acfbf81","name":"Killer Deo","price":150.56,"description":"Killer Deo is a body Deodrant.","manufacturer":"Killer Ltd.","category":"COSMATIC","creadtedOn":{"dayOfMonth":8,"dayOfWeek":"MONDAY","dayOfYear":8,"month":"JANUARY","monthValue":1,"year":2018,"hour":13,"minute":6,"nano":838000000,"second":39,"chronology":{"id":"ISO","calendarType":"iso8601"}}}]
2018-01-08 13:06:39 INFO  Utils:63 - Get the product info by name as Dove Soap
2018-01-08 13:06:39 INFO  Utils:70 - Product : {"code":"e1e7a837-159d-4373-aa86-c6d6e8b99e9c","name":"Dove Soap","price":39.99,"description":"Dove Soap is a beauty soap.","manufacturer":"Dove Ltd.","category":"COSMATIC","creadtedOn":{"dayOfMonth":8,"dayOfWeek":"MONDAY","dayOfYear":8,"month":"JANUARY","monthValue":1,"year":2018,"hour":13,"minute":6,"nano":838000000,"second":39,"chronology":{"id":"ISO","calendarType":"iso8601"}}}
2018-01-08 13:06:39 INFO  Utils:72 - Get the product info by name as Axe Deo
2018-01-08 13:06:39 INFO  Utils:79 - Product : {"code":"c29e5773-dbf7-4600-967b-76ceb4e8e0e6","name":"Axe Deo","price":99.99,"description":"Axe Deo is a body Deodrant.","manufacturer":"Axe Ltd.","category":"COSMATIC","creadtedOn":{"dayOfMonth":8,"dayOfWeek":"MONDAY","dayOfYear":8,"month":"JANUARY","monthValue":1,"year":2018,"hour":13,"minute":6,"nano":838000000,"second":39,"chronology":{"id":"ISO","calendarType":"iso8601"}}}
2018-01-08 13:06:39 INFO  Utils:81 - Creating doveSoapProduct
2018-01-08 13:06:39 INFO  Utils:84 - Creating axeDeoProduct
2018-01-08 13:06:39 INFO  Utils:87 - Creating OrderService
2018-01-08 13:06:39 INFO  Utils:90 - Creating an order for user
2018-01-08 13:06:39 INFO  Utils:94 - Get order id as 8ef7f104-bf0c-4523-a188-ca83cab2f400
2018-01-08 13:06:39 INFO  Utils:96 - Adding 2 dove soap products in the order
2018-01-08 13:06:39 INFO  Utils:103 - Adding 2 axe deo products in the order
2018-01-08 13:06:39 INFO  Utils:107 - [{"product":{"code":"e1e7a837-159d-4373-aa86-c6d6e8b99e9c","name":"Dove Soap","price":39.99,"description":"Dove Soap is a beauty soap.","manufacturer":"Dove Ltd.","category":"COSMATIC","creadtedOn":{"dayOfMonth":8,"dayOfWeek":"MONDAY","dayOfYear":8,"month":"JANUARY","monthValue":1,"year":2018,"hour":13,"minute":6,"nano":838000000,"second":39,"chronology":{"id":"ISO","calendarType":"iso8601"}}},"quantity":5,"tax":0.0}]
2018-01-08 13:06:39 INFO  Utils:109 - Creating ShoppingCartService
2018-01-08 13:06:39 INFO  Utils:112 - Creating a shopping cart for user
2018-01-08 13:06:39 INFO  Utils:116 - Get shopping cart id as cadb5b6d-3b67-4c5d-a8b2-161b79439008
2018-01-08 13:06:39 INFO  Utils:118 - Adding order to the shopping cart
2018-01-08 13:06:39 INFO  Utils:121 - Shopping cart Summary : {"totalTax":0.0,"totalCartAmount":199.95}
2018-01-08 13:07:02 INFO  Utils:26 - -------------------------------------------------------------------------------------------
2018-01-08 13:07:02 INFO  Utils:27 - Starting the Shopping Cart Application
2018-01-08 13:07:02 INFO  Utils:28 - -------------------------------------------------------------------------------------------
2018-01-08 13:07:02 INFO  Utils:34 - Creating UserService
2018-01-08 13:07:03 INFO  Utils:41 - All users in system : [{"userId":7842828223876778134,"userEmailId":"john@gmail.com","userName":"JOHN SMITH","userRole":"USER","shippingAddresses":[{"street":"100 MAIN ST PO BOX 1022","city":"SEATTLE","state":"WA","country":"USA","zipcode":"98104"}],"userState":"ACTIVE","createdOn":{"hour":13,"minute":7,"nano":266000000,"second":3,"monthValue":1,"year":2018,"dayOfMonth":8,"dayOfWeek":"MONDAY","dayOfYear":8,"month":"JANUARY","chronology":{"id":"ISO","calendarType":"iso8601"}}}, {"userId":8590592614583320795,"userEmailId":"mary@gmail.com","userName":"MARY ROE","userRole":"USER","shippingAddresses":[{"street":"MEGASYSTEMS INC SUITE 5A-1204","city":"TUCSON","state":"AZ","country":"USA","zipcode":"85705"}],"userState":"ACTIVE","createdOn":{"hour":13,"minute":7,"nano":267000000,"second":3,"monthValue":1,"year":2018,"dayOfMonth":8,"dayOfWeek":"MONDAY","dayOfYear":8,"month":"JANUARY","chronology":{"id":"ISO","calendarType":"iso8601"}}}]
2018-01-08 13:07:03 INFO  Utils:43 - Get the user by email Id john@gmail.com
2018-01-08 13:07:03 INFO  Utils:49 - User {"userId":7842828223876778134,"userEmailId":"john@gmail.com","userName":"JOHN SMITH","userRole":"USER","shippingAddresses":[{"street":"100 MAIN ST PO BOX 1022","city":"SEATTLE","state":"WA","country":"USA","zipcode":"98104"}],"userState":"ACTIVE","createdOn":{"hour":13,"minute":7,"nano":266000000,"second":3,"monthValue":1,"year":2018,"dayOfMonth":8,"dayOfWeek":"MONDAY","dayOfYear":8,"month":"JANUARY","chronology":{"id":"ISO","calendarType":"iso8601"}}}
2018-01-08 13:07:03 INFO  Utils:52 - User ID 7842828223876778134
2018-01-08 13:07:03 INFO  Utils:54 - Creating ProductInfoService
2018-01-08 13:07:03 INFO  Utils:61 - All products in system : [{"code":"6c531689-c229-4c98-b1d0-ac565c094b89","name":"Dove Soap","price":39.99,"description":"Dove Soap is a beauty soap.","manufacturer":"Dove Ltd.","category":"COSMATIC","creadtedOn":{"hour":13,"minute":7,"nano":582000000,"second":3,"monthValue":1,"year":2018,"dayOfMonth":8,"dayOfWeek":"MONDAY","dayOfYear":8,"month":"JANUARY","chronology":{"id":"ISO","calendarType":"iso8601"}}}, {"code":"9b018eb1-66ef-417e-9a75-5f8df92ef368","name":"Axe Deo","price":99.99,"description":"Axe Deo is a body Deodrant.","manufacturer":"Axe Ltd.","category":"COSMATIC","creadtedOn":{"hour":13,"minute":7,"nano":583000000,"second":3,"monthValue":1,"year":2018,"dayOfMonth":8,"dayOfWeek":"MONDAY","dayOfYear":8,"month":"JANUARY","chronology":{"id":"ISO","calendarType":"iso8601"}}}, {"code":"1a5861d1-818f-4e95-94ea-ce4b192350af","name":"Killer Deo","price":150.56,"description":"Killer Deo is a body Deodrant.","manufacturer":"Killer Ltd.","category":"COSMATIC","creadtedOn":{"hour":13,"minute":7,"nano":583000000,"second":3,"monthValue":1,"year":2018,"dayOfMonth":8,"dayOfWeek":"MONDAY","dayOfYear":8,"month":"JANUARY","chronology":{"id":"ISO","calendarType":"iso8601"}}}]
2018-01-08 13:07:03 INFO  Utils:63 - Get the product info by name as Dove Soap
2018-01-08 13:07:03 INFO  Utils:70 - Product : {"code":"6c531689-c229-4c98-b1d0-ac565c094b89","name":"Dove Soap","price":39.99,"description":"Dove Soap is a beauty soap.","manufacturer":"Dove Ltd.","category":"COSMATIC","creadtedOn":{"hour":13,"minute":7,"nano":582000000,"second":3,"monthValue":1,"year":2018,"dayOfMonth":8,"dayOfWeek":"MONDAY","dayOfYear":8,"month":"JANUARY","chronology":{"id":"ISO","calendarType":"iso8601"}}}
2018-01-08 13:07:03 INFO  Utils:72 - Get the product info by name as Axe Deo
2018-01-08 13:07:03 INFO  Utils:79 - Product : {"code":"9b018eb1-66ef-417e-9a75-5f8df92ef368","name":"Axe Deo","price":99.99,"description":"Axe Deo is a body Deodrant.","manufacturer":"Axe Ltd.","category":"COSMATIC","creadtedOn":{"hour":13,"minute":7,"nano":583000000,"second":3,"monthValue":1,"year":2018,"dayOfMonth":8,"dayOfWeek":"MONDAY","dayOfYear":8,"month":"JANUARY","chronology":{"id":"ISO","calendarType":"iso8601"}}}
2018-01-08 13:07:03 INFO  Utils:81 - Creating doveSoapProduct
2018-01-08 13:07:03 INFO  Utils:84 - Creating axeDeoProduct
2018-01-08 13:07:03 INFO  Utils:87 - Creating OrderService
2018-01-08 13:07:03 INFO  Utils:90 - Creating an order for user
2018-01-08 13:07:03 INFO  Utils:94 - Get order id as 41e29216-a079-4e5a-8e30-542c982cffdd
2018-01-08 13:07:03 INFO  Utils:96 - Adding 2 dove soap products in the order
2018-01-08 13:07:03 INFO  Utils:107 - Adding 2 axe deo products in the order
2018-01-08 13:07:03 INFO  Utils:111 - [{"product":{"code":"6c531689-c229-4c98-b1d0-ac565c094b89","name":"Dove Soap","price":39.99,"description":"Dove Soap is a beauty soap.","manufacturer":"Dove Ltd.","category":"COSMATIC","creadtedOn":{"hour":13,"minute":7,"nano":582000000,"second":3,"monthValue":1,"year":2018,"dayOfMonth":8,"dayOfWeek":"MONDAY","dayOfYear":8,"month":"JANUARY","chronology":{"id":"ISO","calendarType":"iso8601"}}},"quantity":8,"tax":0.0}]
2018-01-08 13:07:03 INFO  Utils:113 - Creating ShoppingCartService
2018-01-08 13:07:03 INFO  Utils:116 - Creating a shopping cart for user
2018-01-08 13:07:03 INFO  Utils:120 - Get shopping cart id as cc5a1ada-c526-4818-ae59-78f097cfc022
2018-01-08 13:07:03 INFO  Utils:122 - Adding order to the shopping cart
2018-01-08 13:07:03 INFO  Utils:125 - Shopping cart Summary : {"totalTax":0.0,"totalCartAmount":319.92}
2018-01-08 13:07:52 INFO  Utils:26 - -------------------------------------------------------------------------------------------
2018-01-08 13:07:52 INFO  Utils:27 - Starting the Shopping Cart Application
2018-01-08 13:07:52 INFO  Utils:28 - -------------------------------------------------------------------------------------------
2018-01-08 13:07:52 INFO  Utils:34 - Creating UserService
2018-01-08 13:07:52 INFO  Utils:41 - All users in system : [{"userId":1163788201270722651,"userEmailId":"john@gmail.com","userName":"JOHN SMITH","userRole":"USER","shippingAddresses":[{"street":"100 MAIN ST PO BOX 1022","city":"SEATTLE","state":"WA","country":"USA","zipcode":"98104"}],"userState":"ACTIVE","createdOn":{"dayOfMonth":8,"dayOfWeek":"MONDAY","dayOfYear":8,"month":"JANUARY","hour":13,"minute":7,"nano":342000000,"second":52,"monthValue":1,"year":2018,"chronology":{"id":"ISO","calendarType":"iso8601"}}}, {"userId":5985313563500167732,"userEmailId":"mary@gmail.com","userName":"MARY ROE","userRole":"USER","shippingAddresses":[{"street":"MEGASYSTEMS INC SUITE 5A-1204","city":"TUCSON","state":"AZ","country":"USA","zipcode":"85705"}],"userState":"ACTIVE","createdOn":{"dayOfMonth":8,"dayOfWeek":"MONDAY","dayOfYear":8,"month":"JANUARY","hour":13,"minute":7,"nano":342000000,"second":52,"monthValue":1,"year":2018,"chronology":{"id":"ISO","calendarType":"iso8601"}}}]
2018-01-08 13:07:52 INFO  Utils:43 - Get the user by email Id john@gmail.com
2018-01-08 13:07:52 INFO  Utils:49 - User {"userId":1163788201270722651,"userEmailId":"john@gmail.com","userName":"JOHN SMITH","userRole":"USER","shippingAddresses":[{"street":"100 MAIN ST PO BOX 1022","city":"SEATTLE","state":"WA","country":"USA","zipcode":"98104"}],"userState":"ACTIVE","createdOn":{"dayOfMonth":8,"dayOfWeek":"MONDAY","dayOfYear":8,"month":"JANUARY","hour":13,"minute":7,"nano":342000000,"second":52,"monthValue":1,"year":2018,"chronology":{"id":"ISO","calendarType":"iso8601"}}}
2018-01-08 13:07:52 INFO  Utils:52 - User ID 1163788201270722651
2018-01-08 13:07:52 INFO  Utils:54 - Creating ProductInfoService
2018-01-08 13:07:52 INFO  Utils:61 - All products in system : [{"code":"38b6c5e5-e41c-4863-91fa-b89fb65e2d62","name":"Dove Soap","price":39.99,"description":"Dove Soap is a beauty soap.","manufacturer":"Dove Ltd.","category":"COSMATIC","creadtedOn":{"dayOfMonth":8,"dayOfWeek":"MONDAY","dayOfYear":8,"month":"JANUARY","hour":13,"minute":7,"nano":656000000,"second":52,"monthValue":1,"year":2018,"chronology":{"id":"ISO","calendarType":"iso8601"}}}, {"code":"42bc5f6b-d40a-4ac4-a555-e09c4fc94461","name":"Axe Deo","price":99.99,"description":"Axe Deo is a body Deodrant.","manufacturer":"Axe Ltd.","category":"COSMATIC","creadtedOn":{"dayOfMonth":8,"dayOfWeek":"MONDAY","dayOfYear":8,"month":"JANUARY","hour":13,"minute":7,"nano":656000000,"second":52,"monthValue":1,"year":2018,"chronology":{"id":"ISO","calendarType":"iso8601"}}}, {"code":"cc22700d-540c-45ee-bc80-92e932fe01ce","name":"Killer Deo","price":150.56,"description":"Killer Deo is a body Deodrant.","manufacturer":"Killer Ltd.","category":"COSMATIC","creadtedOn":{"dayOfMonth":8,"dayOfWeek":"MONDAY","dayOfYear":8,"month":"JANUARY","hour":13,"minute":7,"nano":656000000,"second":52,"monthValue":1,"year":2018,"chronology":{"id":"ISO","calendarType":"iso8601"}}}]
2018-01-08 13:07:52 INFO  Utils:63 - Get the product info by name as Dove Soap
2018-01-08 13:07:52 INFO  Utils:70 - Product : {"code":"38b6c5e5-e41c-4863-91fa-b89fb65e2d62","name":"Dove Soap","price":39.99,"description":"Dove Soap is a beauty soap.","manufacturer":"Dove Ltd.","category":"COSMATIC","creadtedOn":{"dayOfMonth":8,"dayOfWeek":"MONDAY","dayOfYear":8,"month":"JANUARY","hour":13,"minute":7,"nano":656000000,"second":52,"monthValue":1,"year":2018,"chronology":{"id":"ISO","calendarType":"iso8601"}}}
2018-01-08 13:07:52 INFO  Utils:72 - Get the product info by name as Axe Deo
2018-01-08 13:07:52 INFO  Utils:79 - Product : {"code":"42bc5f6b-d40a-4ac4-a555-e09c4fc94461","name":"Axe Deo","price":99.99,"description":"Axe Deo is a body Deodrant.","manufacturer":"Axe Ltd.","category":"COSMATIC","creadtedOn":{"dayOfMonth":8,"dayOfWeek":"MONDAY","dayOfYear":8,"month":"JANUARY","hour":13,"minute":7,"nano":656000000,"second":52,"monthValue":1,"year":2018,"chronology":{"id":"ISO","calendarType":"iso8601"}}}
2018-01-08 13:07:52 INFO  Utils:81 - Creating doveSoapProduct
2018-01-08 13:07:52 INFO  Utils:84 - Creating axeDeoProduct
2018-01-08 13:07:52 INFO  Utils:87 - Creating OrderService
2018-01-08 13:07:52 INFO  Utils:90 - Creating an order for user
2018-01-08 13:07:52 INFO  Utils:94 - Get order id as f076f43c-86be-481c-bde6-60419061c093
2018-01-08 13:07:52 INFO  Utils:96 - Adding 2 dove soap products in the order
2018-01-08 13:07:52 INFO  Utils:100 - Adding 2 axe deo products in the order
2018-01-08 13:07:52 INFO  Utils:104 - [{"product":{"code":"38b6c5e5-e41c-4863-91fa-b89fb65e2d62","name":"Dove Soap","price":39.99,"description":"Dove Soap is a beauty soap.","manufacturer":"Dove Ltd.","category":"COSMATIC","creadtedOn":{"dayOfMonth":8,"dayOfWeek":"MONDAY","dayOfYear":8,"month":"JANUARY","hour":13,"minute":7,"nano":656000000,"second":52,"monthValue":1,"year":2018,"chronology":{"id":"ISO","calendarType":"iso8601"}}},"quantity":2,"tax":12.5}, {"product":{"code":"42bc5f6b-d40a-4ac4-a555-e09c4fc94461","name":"Axe Deo","price":99.99,"description":"Axe Deo is a body Deodrant.","manufacturer":"Axe Ltd.","category":"COSMATIC","creadtedOn":{"dayOfMonth":8,"dayOfWeek":"MONDAY","dayOfYear":8,"month":"JANUARY","hour":13,"minute":7,"nano":656000000,"second":52,"monthValue":1,"year":2018,"chronology":{"id":"ISO","calendarType":"iso8601"}}},"quantity":2,"tax":12.5}]
2018-01-08 13:07:52 INFO  Utils:106 - Creating ShoppingCartService
2018-01-08 13:07:52 INFO  Utils:109 - Creating a shopping cart for user
2018-01-08 13:07:52 INFO  Utils:113 - Get shopping cart id as 97e889c5-6ef5-4fde-a599-e6942c6dc416
2018-01-08 13:07:52 INFO  Utils:115 - Adding order to the shopping cart
2018-01-08 13:07:52 INFO  Utils:118 - Shopping cart Summary : {"totalTax":34.99,"totalCartAmount":314.95}
2018-01-08 13:11:28 INFO  Utils:26 - -------------------------------------------------------------------------------------------
2018-01-08 13:11:28 INFO  Utils:27 - Starting the Shopping Cart Application
2018-01-08 13:11:28 INFO  Utils:28 - -------------------------------------------------------------------------------------------
2018-01-08 13:11:28 INFO  Utils:34 - Creating UserService
2018-01-08 13:11:29 INFO  Utils:41 - All users in system : [{"userId":6288987305972941332,"userEmailId":"john@gmail.com","userName":"JOHN SMITH","userRole":"USER","shippingAddresses":[{"street":"100 MAIN ST PO BOX 1022","city":"SEATTLE","state":"WA","country":"USA","zipcode":"98104"}],"userState":"ACTIVE","createdOn":{"monthValue":1,"year":2018,"dayOfMonth":8,"dayOfWeek":"MONDAY","dayOfYear":8,"month":"JANUARY","hour":13,"minute":11,"nano":799000000,"second":28,"chronology":{"id":"ISO","calendarType":"iso8601"}}}, {"userId":1289839404884117122,"userEmailId":"mary@gmail.com","userName":"MARY ROE","userRole":"USER","shippingAddresses":[{"street":"MEGASYSTEMS INC SUITE 5A-1204","city":"TUCSON","state":"AZ","country":"USA","zipcode":"85705"}],"userState":"ACTIVE","createdOn":{"monthValue":1,"year":2018,"dayOfMonth":8,"dayOfWeek":"MONDAY","dayOfYear":8,"month":"JANUARY","hour":13,"minute":11,"nano":800000000,"second":28,"chronology":{"id":"ISO","calendarType":"iso8601"}}}]
2018-01-08 13:11:29 INFO  Utils:43 - Get the user by email Id john@gmail.com
2018-01-08 13:11:29 INFO  Utils:49 - User {"userId":6288987305972941332,"userEmailId":"john@gmail.com","userName":"JOHN SMITH","userRole":"USER","shippingAddresses":[{"street":"100 MAIN ST PO BOX 1022","city":"SEATTLE","state":"WA","country":"USA","zipcode":"98104"}],"userState":"ACTIVE","createdOn":{"monthValue":1,"year":2018,"dayOfMonth":8,"dayOfWeek":"MONDAY","dayOfYear":8,"month":"JANUARY","hour":13,"minute":11,"nano":799000000,"second":28,"chronology":{"id":"ISO","calendarType":"iso8601"}}}
2018-01-08 13:11:29 INFO  Utils:52 - User ID 6288987305972941332
2018-01-08 13:11:29 INFO  Utils:54 - Creating ProductInfoService
2018-01-08 13:11:29 INFO  Utils:61 - All products in system : [{"code":"05d7db13-73c3-45e5-9b32-ddd90bb76583","name":"Dove Soap","price":39.99,"description":"Dove Soap is a beauty soap.","manufacturer":"Dove Ltd.","category":"COSMATIC","creadtedOn":{"monthValue":1,"year":2018,"dayOfMonth":8,"dayOfWeek":"MONDAY","dayOfYear":8,"month":"JANUARY","hour":13,"minute":11,"nano":147000000,"second":29,"chronology":{"id":"ISO","calendarType":"iso8601"}}}, {"code":"2054f927-2d91-4065-80d4-b7699c8be40c","name":"Axe Deo","price":99.99,"description":"Axe Deo is a body Deodrant.","manufacturer":"Axe Ltd.","category":"COSMATIC","creadtedOn":{"monthValue":1,"year":2018,"dayOfMonth":8,"dayOfWeek":"MONDAY","dayOfYear":8,"month":"JANUARY","hour":13,"minute":11,"nano":147000000,"second":29,"chronology":{"id":"ISO","calendarType":"iso8601"}}}, {"code":"4fa1472e-7c3f-4d71-93a3-15b3a97b16f8","name":"Killer Deo","price":150.56,"description":"Killer Deo is a body Deodrant.","manufacturer":"Killer Ltd.","category":"COSMATIC","creadtedOn":{"monthValue":1,"year":2018,"dayOfMonth":8,"dayOfWeek":"MONDAY","dayOfYear":8,"month":"JANUARY","hour":13,"minute":11,"nano":147000000,"second":29,"chronology":{"id":"ISO","calendarType":"iso8601"}}}]
2018-01-08 13:11:29 INFO  Utils:63 - Get the product info by name as Dove Soap
2018-01-08 13:11:29 INFO  Utils:70 - Product : {"code":"05d7db13-73c3-45e5-9b32-ddd90bb76583","name":"Dove Soap","price":39.99,"description":"Dove Soap is a beauty soap.","manufacturer":"Dove Ltd.","category":"COSMATIC","creadtedOn":{"monthValue":1,"year":2018,"dayOfMonth":8,"dayOfWeek":"MONDAY","dayOfYear":8,"month":"JANUARY","hour":13,"minute":11,"nano":147000000,"second":29,"chronology":{"id":"ISO","calendarType":"iso8601"}}}
2018-01-08 13:11:29 INFO  Utils:72 - Get the product info by name as Axe Deo
2018-01-08 13:11:29 INFO  Utils:79 - Product : {"code":"2054f927-2d91-4065-80d4-b7699c8be40c","name":"Axe Deo","price":99.99,"description":"Axe Deo is a body Deodrant.","manufacturer":"Axe Ltd.","category":"COSMATIC","creadtedOn":{"monthValue":1,"year":2018,"dayOfMonth":8,"dayOfWeek":"MONDAY","dayOfYear":8,"month":"JANUARY","hour":13,"minute":11,"nano":147000000,"second":29,"chronology":{"id":"ISO","calendarType":"iso8601"}}}
2018-01-08 13:11:29 INFO  Utils:81 - Creating doveSoapProduct
2018-01-08 13:11:29 INFO  Utils:84 - Creating axeDeoProduct
2018-01-08 13:11:29 INFO  Utils:87 - Creating OrderService
2018-01-08 13:11:29 INFO  Utils:90 - Creating an order for user
2018-01-08 13:11:29 INFO  Utils:94 - Get order id as 57034bb0-e034-48dd-8490-f8d65312b99d
2018-01-08 13:11:29 INFO  Utils:96 - Adding 2 dove soap products in the order
2018-01-08 13:11:29 INFO  Utils:100 - Adding 2 axe deo products in the order
2018-01-08 13:11:29 INFO  Utils:104 - [{"product":{"code":"05d7db13-73c3-45e5-9b32-ddd90bb76583","name":"Dove Soap","price":39.99,"description":"Dove Soap is a beauty soap.","manufacturer":"Dove Ltd.","category":"COSMATIC","creadtedOn":{"monthValue":1,"year":2018,"dayOfMonth":8,"dayOfWeek":"MONDAY","dayOfYear":8,"month":"JANUARY","hour":13,"minute":11,"nano":147000000,"second":29,"chronology":{"id":"ISO","calendarType":"iso8601"}}},"quantity":2,"tax":12.5}, {"product":{"code":"2054f927-2d91-4065-80d4-b7699c8be40c","name":"Axe Deo","price":99.99,"description":"Axe Deo is a body Deodrant.","manufacturer":"Axe Ltd.","category":"COSMATIC","creadtedOn":{"monthValue":1,"year":2018,"dayOfMonth":8,"dayOfWeek":"MONDAY","dayOfYear":8,"month":"JANUARY","hour":13,"minute":11,"nano":147000000,"second":29,"chronology":{"id":"ISO","calendarType":"iso8601"}}},"quantity":2,"tax":12.5}]
2018-01-08 13:11:29 INFO  Utils:106 - Creating ShoppingCartService
2018-01-08 13:11:29 INFO  Utils:109 - Creating a shopping cart for user
2018-01-08 13:11:29 INFO  Utils:113 - Get shopping cart id as 162f4f43-df04-4c55-ad8c-6dbc1351eecc
2018-01-08 13:11:29 INFO  Utils:115 - Adding order to the shopping cart
2018-01-08 13:11:29 INFO  Utils:118 - Shopping cart Summary : {"totalTax":35.0,"totalCartAmount":314.96}
